TN:
SF:app/app.tsx
FN:67,App
FN:77,(anonymous_1)
FN:79,(anonymous_2)
FN:80,(anonymous_3)
FN:84,(anonymous_4)
FN:86,(anonymous_5)
FNF:6
FNH:0
FNDA:0,App
FNDA:0,(anonymous_1)
FNDA:0,(anonymous_2)
FNDA:0,(anonymous_3)
FNDA:0,(anonymous_4)
FNDA:0,(anonymous_5)
DA:13,0
DA:17,0
DA:38,0
DA:40,0
DA:43,0
DA:44,0
DA:72,0
DA:74,0
DA:75,0
DA:77,0
DA:78,0
DA:79,0
DA:80,0
DA:84,0
DA:85,0
DA:86,0
DA:98,0
DA:99,0
DA:102,0
DA:108,0
LF:20
LH:0
BRDA:13,0,0,0
BRDA:13,0,1,0
BRDA:85,1,0,0
BRDA:85,1,1,0
BRDA:85,2,0,0
BRDA:85,2,1,0
BRDA:85,2,2,0
BRDA:85,2,3,0
BRDA:98,3,0,0
BRDA:98,3,1,0
BRDA:98,4,0,0
BRDA:98,4,1,0
BRDA:98,4,2,0
BRDA:98,4,3,0
BRF:14
BRH:0
end_of_record
TN:
SF:app/components/AudioPlayer.tsx
FN:32,AudioPlayer
FN:50,(anonymous_1)
FN:82,(anonymous_2)
FN:84,(anonymous_3)
FN:89,(anonymous_4)
FN:122,(anonymous_5)
FN:129,(anonymous_6)
FN:141,(anonymous_7)
FN:156,(anonymous_8)
FN:167,(anonymous_9)
FN:176,(anonymous_10)
FN:187,(anonymous_11)
FN:194,(anonymous_12)
FN:265,AudioButton
FN:283,(anonymous_14)
FN:291,(anonymous_15)
FN:297,(anonymous_16)
FN:304,(anonymous_17)
FN:309,(anonymous_18)
FN:315,(anonymous_19)
FN:323,(anonymous_20)
FN:331,(anonymous_21)
FN:338,(anonymous_22)
FN:345,(anonymous_23)
FNF:24
FNH:0
FNDA:0,AudioPlayer
FNDA:0,(anonymous_1)
FNDA:0,(anonymous_2)
FNDA:0,(anonymous_3)
FNDA:0,(anonymous_4)
FNDA:0,(anonymous_5)
FNDA:0,(anonymous_6)
FNDA:0,(anonymous_7)
FNDA:0,(anonymous_8)
FNDA:0,(anonymous_9)
FNDA:0,(anonymous_10)
FNDA:0,(anonymous_11)
FNDA:0,(anonymous_12)
FNDA:0,AudioButton
FNDA:0,(anonymous_14)
FNDA:0,(anonymous_15)
FNDA:0,(anonymous_16)
FNDA:0,(anonymous_17)
FNDA:0,(anonymous_18)
FNDA:0,(anonymous_19)
FNDA:0,(anonymous_20)
FNDA:0,(anonymous_21)
FNDA:0,(anonymous_22)
FNDA:0,(anonymous_23)
DA:38,0
DA:39,0
DA:40,0
DA:41,0
DA:42,0
DA:43,0
DA:44,0
DA:47,0
DA:50,0
DA:51,0
DA:53,0
DA:55,0
DA:56,0
DA:58,0
DA:59,0
DA:61,0
DA:62,0
DA:65,0
DA:66,0
DA:69,0
DA:70,0
DA:71,0
DA:74,0
DA:75,0
DA:78,0
DA:79,0
DA:82,0
DA:83,0
DA:84,0
DA:85,0
DA:89,0
DA:90,0
DA:91,0
DA:92,0
DA:93,0
DA:96,0
DA:97,0
DA:100,0
DA:101,0
DA:105,0
DA:111,0
DA:112,0
DA:114,0
DA:116,0
DA:117,0
DA:118,0
DA:122,0
DA:123,0
DA:124,0
DA:125,0
DA:129,0
DA:130,0
DA:131,0
DA:132,0
DA:133,0
DA:136,0
DA:137,0
DA:141,0
DA:142,0
DA:144,0
DA:145,0
DA:146,0
DA:148,0
DA:151,0
DA:152,0
DA:156,0
DA:157,0
DA:159,0
DA:160,0
DA:161,0
DA:163,0
DA:167,0
DA:168,0
DA:171,0
DA:172,0
DA:173,0
DA:176,0
DA:177,0
DA:179,0
DA:180,0
DA:181,0
DA:183,0
DA:187,0
DA:188,0
DA:189,0
DA:190,0
DA:191,0
DA:194,0
DA:195,0
DA:198,0
DA:199,0
DA:206,0
DA:266,0
DA:268,0
DA:283,0
DA:291,0
DA:297,0
DA:304,0
DA:309,0
DA:315,0
DA:323,0
DA:331,0
DA:338,0
DA:345,0
LF:104
LH:0
BRDA:53,0,0,0
BRDA:53,0,1,0
BRDA:56,1,0,0
BRDA:56,1,1,0
BRDA:69,2,0,0
BRDA:69,2,1,0
BRDA:91,3,0,0
BRDA:91,3,1,0
BRDA:100,4,0,0
BRDA:100,4,1,0
BRDA:123,5,0,0
BRDA:123,5,1,0
BRDA:130,6,0,0
BRDA:130,6,1,0
BRDA:131,7,0,0
BRDA:131,7,1,0
BRDA:132,8,0,0
BRDA:132,8,1,0
BRDA:136,9,0,0
BRDA:136,9,1,0
BRDA:142,10,0,0
BRDA:142,10,1,0
BRDA:145,11,0,0
BRDA:145,11,1,0
BRDA:157,12,0,0
BRDA:157,12,1,0
BRDA:157,13,0,0
BRDA:157,13,1,0
BRDA:177,14,0,0
BRDA:177,14,1,0
BRDA:195,15,0,0
BRDA:195,15,1,0
BRDA:198,16,0,0
BRDA:198,16,1,0
BRDA:220,17,0,0
BRDA:220,17,1,0
BRDA:239,18,0,0
BRDA:239,18,1,0
BRDA:241,19,0,0
BRDA:241,19,1,0
BRDA:253,20,0,0
BRDA:253,20,1,0
BRDA:265,21,0,0
BRDA:277,22,0,0
BRDA:277,22,1,0
BRF:45
BRH:0
end_of_record
TN:
SF:app/components/AutoImage.tsx
FN:30,useAutoImage
FN:41,(anonymous_1)
FN:45,(anonymous_2)
FN:47,(anonymous_3)
FN:74,AutoImage
FNF:5
FNH:0
FNDA:0,useAutoImage
FNDA:0,(anonymous_1)
FNDA:0,(anonymous_2)
FNDA:0,(anonymous_3)
FNDA:0,AutoImage
DA:37,0
DA:38,0
DA:39,0
DA:41,0
DA:42,0
DA:44,0
DA:45,0
DA:47,0
DA:51,0
DA:53,0
DA:54,0
DA:55,0
DA:59,0
DA:60,0
DA:61,0
DA:62,0
DA:64,0
DA:75,0
DA:76,0
DA:77,0
DA:79,0
DA:88,0
LF:22
LH:0
BRDA:39,0,0,0
BRDA:39,0,1,0
BRDA:42,1,0,0
BRDA:42,1,1,0
BRDA:44,2,0,0
BRDA:44,2,1,0
BRDA:51,3,0,0
BRDA:51,3,1,0
BRDA:53,4,0,0
BRDA:53,4,1,0
BRDA:53,5,0,0
BRDA:53,5,1,0
BRDA:59,6,0,0
BRDA:59,6,1,0
BRDA:61,7,0,0
BRDA:61,7,1,0
BRDA:81,8,0,0
BRDA:81,8,1,0
BRF:18
BRH:0
end_of_record
TN:
SF:app/components/BackButton.tsx
FN:78,BackButton
FN:91,(anonymous_1)
FNF:2
FNH:0
FNDA:0,BackButton
FNDA:0,(anonymous_1)
DA:78,0
DA:88,0
DA:89,0
DA:91,0
DA:92,0
DA:95,0
DA:96,0
DA:100,0
DA:101,0
DA:103,0
DA:107,0
DA:108,0
DA:122,0
DA:145,0
DA:153,0
LF:15
LH:0
BRDA:79,0,0,0
BRDA:84,1,0,0
BRDA:92,2,0,0
BRDA:92,2,1,0
BRDA:95,3,0,0
BRDA:95,3,1,0
BRDA:100,4,0,0
BRDA:100,4,1,0
BRDA:107,5,0,0
BRDA:107,5,1,0
BRDA:128,6,0,0
BRDA:128,6,1,0
BRDA:139,7,0,0
BRDA:139,7,1,0
BRF:14
BRH:0
end_of_record
TN:
SF:app/components/Button.tsx
FN:107,(anonymous_0)
FN:131,(anonymous_1)
FN:141,(anonymous_2)
FN:156,(anonymous_3)
FN:175,(anonymous_4)
FN:211,(anonymous_5)
FN:221,(anonymous_6)
FN:231,(anonymous_7)
FN:235,(anonymous_8)
FN:244,(anonymous_9)
FN:253,(anonymous_10)
FN:258,(anonymous_11)
FN:263,(anonymous_12)
FN:268,(anonymous_13)
FN:275,(anonymous_14)
FN:276,(anonymous_15)
FN:277,(anonymous_16)
FN:281,(anonymous_17)
FN:282,(anonymous_18)
FN:283,(anonymous_19)
FN:284,(anonymous_20)
FN:285,(anonymous_21)
FN:289,(anonymous_22)
FN:290,(anonymous_23)
FN:291,(anonymous_24)
FN:292,(anonymous_25)
FN:293,(anonymous_26)
FN:298,(anonymous_27)
FN:302,(anonymous_28)
FN:305,(anonymous_29)
FN:308,(anonymous_30)
FN:311,(anonymous_31)
FN:317,(anonymous_32)
FN:318,(anonymous_33)
FN:319,(anonymous_34)
FN:320,(anonymous_35)
FN:321,(anonymous_36)
FNF:37
FNH:0
FNDA:0,(anonymous_0)
FNDA:0,(anonymous_1)
FNDA:0,(anonymous_2)
FNDA:0,(anonymous_3)
FNDA:0,(anonymous_4)
FNDA:0,(anonymous_5)
FNDA:0,(anonymous_6)
FNDA:0,(anonymous_7)
FNDA:0,(anonymous_8)
FNDA:0,(anonymous_9)
FNDA:0,(anonymous_10)
FNDA:0,(anonymous_11)
FNDA:0,(anonymous_12)
FNDA:0,(anonymous_13)
FNDA:0,(anonymous_14)
FNDA:0,(anonymous_15)
FNDA:0,(anonymous_16)
FNDA:0,(anonymous_17)
FNDA:0,(anonymous_18)
FNDA:0,(anonymous_19)
FNDA:0,(anonymous_20)
FNDA:0,(anonymous_21)
FNDA:0,(anonymous_22)
FNDA:0,(anonymous_23)
FNDA:0,(anonymous_24)
FNDA:0,(anonymous_25)
FNDA:0,(anonymous_26)
FNDA:0,(anonymous_27)
FNDA:0,(anonymous_28)
FNDA:0,(anonymous_29)
FNDA:0,(anonymous_30)
FNDA:0,(anonymous_31)
FNDA:0,(anonymous_32)
FNDA:0,(anonymous_33)
FNDA:0,(anonymous_34)
FNDA:0,(anonymous_35)
FNDA:0,(anonymous_36)
DA:107,0
DA:124,0
DA:126,0
DA:128,0
DA:131,0
DA:132,0
DA:141,0
DA:142,0
DA:156,0
DA:157,0
DA:167,0
DA:176,0
DA:211,0
DA:221,0
DA:231,0
DA:235,0
DA:240,0
DA:244,0
DA:253,0
DA:258,0
DA:263,0
DA:268,0
DA:272,0
DA:275,0
DA:276,0
DA:277,0
DA:280,0
DA:281,0
DA:282,0
DA:283,0
DA:284,0
DA:285,0
DA:288,0
DA:289,0
DA:290,0
DA:291,0
DA:292,0
DA:293,0
DA:297,0
DA:298,0
DA:302,0
DA:305,0
DA:308,0
DA:311,0
DA:316,0
DA:317,0
DA:318,0
DA:319,0
DA:320,0
DA:321,0
LF:50
LH:0
BRDA:128,0,0,0
BRDA:128,0,1,0
BRDA:132,1,0,0
BRDA:132,1,1,0
BRDA:132,2,0,0
BRDA:132,2,1,0
BRDA:132,2,2,0
BRDA:145,3,0,0
BRDA:145,3,1,0
BRDA:146,4,0,0
BRDA:146,4,1,0
BRDA:146,4,2,0
BRDA:160,5,0,0
BRDA:160,5,1,0
BRDA:161,6,0,0
BRDA:161,6,1,0
BRDA:161,6,2,0
BRDA:171,7,0,0
BRDA:171,7,1,0
BRDA:173,8,0,0
BRDA:173,8,1,0
BRDA:177,9,0,0
BRDA:177,9,1,0
BRDA:184,10,0,0
BRDA:184,10,1,0
BRDA:196,11,0,0
BRDA:196,11,1,0
BRF:27
BRH:0
end_of_record
TN:
SF:app/components/Card.tsx
FN:130,Card
FN:258,(anonymous_1)
FN:286,(anonymous_2)
FN:294,(anonymous_3)
FN:303,(anonymous_4)
FN:308,(anonymous_5)
FN:313,(anonymous_6)
FNF:7
FNH:0
FNDA:0,Card
FNDA:0,(anonymous_1)
FNDA:0,(anonymous_2)
FNDA:0,(anonymous_3)
FNDA:0,(anonymous_4)
FNDA:0,(anonymous_5)
FNDA:0,(anonymous_6)
DA:155,0
DA:160,0
DA:162,0
DA:163,0
DA:164,0
DA:165,0
DA:166,0
DA:168,0
DA:171,0
DA:173,0
DA:177,0
DA:183,0
DA:190,0
DA:196,0
DA:203,0
DA:258,0
DA:270,0
DA:275,0
DA:282,0
DA:286,0
DA:294,0
DA:301,0
DA:303,0
DA:306,0
DA:308,0
DA:311,0
DA:313,0
LF:27
LH:0
BRDA:146,0,0,0
BRDA:162,1,0,0
BRDA:162,1,1,0
BRDA:164,2,0,0
BRDA:164,2,1,0
BRDA:164,2,2,0
BRDA:165,3,0,0
BRDA:165,3,1,0
BRDA:165,3,2,0
BRDA:166,4,0,0
BRDA:166,4,1,0
BRDA:166,4,2,0
BRDA:168,5,0,0
BRDA:168,5,1,0
BRDA:171,6,0,0
BRDA:171,6,1,0
BRDA:179,7,0,0
BRDA:179,7,1,0
BRDA:179,7,2,0
BRDA:185,8,0,0
BRDA:185,8,1,0
BRDA:186,9,0,0
BRDA:186,9,1,0
BRDA:192,10,0,0
BRDA:192,10,1,0
BRDA:192,10,2,0
BRDA:199,11,0,0
BRDA:199,11,1,0
BRDA:200,12,0,0
BRDA:200,12,1,0
BRDA:207,13,0,0
BRDA:207,13,1,0
BRDA:214,14,0,0
BRDA:214,14,1,0
BRDA:214,14,2,0
BRDA:226,15,0,0
BRDA:226,15,1,0
BRDA:226,15,2,0
BRDA:239,16,0,0
BRDA:239,16,1,0
BRDA:239,16,2,0
BRF:41
BRH:0
end_of_record
TN:
SF:app/components/EmptyState.tsx
FN:119,EmptyState
FN:241,(anonymous_1)
FN:245,(anonymous_2)
FNF:3
FNH:0
FNDA:0,EmptyState
FNDA:0,(anonymous_1)
FNDA:0,(anonymous_2)
DA:10,0
DA:124,0
DA:126,0
DA:135,0
DA:159,0
DA:161,0
DA:162,0
DA:163,0
DA:164,0
DA:166,0
DA:167,0
DA:173,0
DA:180,0
DA:187,0
DA:193,0
DA:240,0
DA:241,0
DA:245,0
LF:18
LH:0
BRDA:135,0,0,0
BRDA:135,0,1,0
BRDA:138,1,0,0
BRDA:142,2,0,0
BRDA:145,3,0,0
BRDA:148,4,0,0
BRDA:162,5,0,0
BRDA:162,5,1,0
BRDA:163,6,0,0
BRDA:163,6,1,0
BRDA:164,7,0,0
BRDA:164,7,1,0
BRDA:169,8,0,0
BRDA:169,8,1,0
BRDA:169,8,2,0
BRDA:169,8,3,0
BRDA:175,9,0,0
BRDA:175,9,1,0
BRDA:176,10,0,0
BRDA:176,10,1,0
BRDA:176,10,2,0
BRDA:182,11,0,0
BRDA:182,11,1,0
BRDA:182,11,2,0
BRDA:183,12,0,0
BRDA:183,12,1,0
BRDA:188,13,0,0
BRDA:188,13,1,0
BRDA:188,13,2,0
BRDA:188,13,3,0
BRDA:195,14,0,0
BRDA:195,14,1,0
BRDA:204,15,0,0
BRDA:204,15,1,0
BRDA:215,16,0,0
BRDA:215,16,1,0
BRDA:225,17,0,0
BRDA:225,17,1,0
BRF:38
BRH:0
end_of_record
TN:
SF:app/components/ErrorBoundary.tsx
FN:30,(anonymous_0)
FN:40,(anonymous_1)
FN:47,(anonymous_2)
FN:66,(anonymous_3)
FN:72,(anonymous_4)
FN:82,(anonymous_5)
FN:92,(anonymous_6)
FN:101,(anonymous_7)
FN:132,ErrorFallbackUI
FN:210,(anonymous_9)
FN:220,(anonymous_10)
FN:276,ErrorBoundary
FN:281,withErrorBoundary
FN:285,(anonymous_13)
FNF:14
FNH:0
FNDA:0,(anonymous_0)
FNDA:0,(anonymous_1)
FNDA:0,(anonymous_2)
FNDA:0,(anonymous_3)
FNDA:0,(anonymous_4)
FNDA:0,(anonymous_5)
FNDA:0,(anonymous_6)
FNDA:0,(anonymous_7)
FNDA:0,ErrorFallbackUI
FNDA:0,(anonymous_9)
FNDA:0,(anonymous_10)
FNDA:0,ErrorBoundary
FNDA:0,withErrorBoundary
FNDA:0,(anonymous_13)
DA:26,0
DA:27,0
DA:28,0
DA:31,0
DA:32,0
DA:41,0
DA:48,0
DA:51,0
DA:63,0
DA:67,0
DA:68,0
DA:72,0
DA:73,0
DA:74,0
DA:77,0
DA:80,0
DA:82,0
DA:83,0
DA:92,0
DA:93,0
DA:102,0
DA:104,0
DA:105,0
DA:109,0
DA:120,0
DA:133,0
DA:135,0
DA:210,0
DA:211,0
DA:212,0
DA:214,0
DA:215,0
DA:217,0
DA:220,0
DA:221,0
DA:222,0
DA:224,0
DA:227,0
DA:277,0
DA:285,0
DA:286,0
DA:291,0
DA:293,0
LF:43
LH:0
BRDA:53,0,0,0
BRDA:53,0,1,0
BRDA:67,1,0,0
BRDA:67,1,1,0
BRDA:73,2,0,0
BRDA:73,2,1,0
BRDA:102,3,0,0
BRDA:102,3,1,0
BRDA:104,4,0,0
BRDA:104,4,1,0
BRDA:114,5,0,0
BRDA:114,5,1,0
BRDA:211,6,0,0
BRDA:211,6,1,0
BRDA:214,7,0,0
BRDA:214,7,1,0
BRDA:221,8,0,0
BRDA:221,8,1,0
BRDA:235,9,0,0
BRDA:235,9,1,0
BRDA:235,9,2,0
BRDA:238,10,0,0
BRDA:238,10,1,0
BRDA:243,11,0,0
BRDA:243,11,1,0
BRDA:266,12,0,0
BRDA:266,12,1,0
BRDA:291,13,0,0
BRDA:291,13,1,0
BRF:29
BRH:0
end_of_record
TN:
SF:app/components/FormTextField.tsx
FN:35,FormTextFieldComponent
FN:45,(anonymous_1)
FNF:2
FNH:0
FNDA:0,FormTextFieldComponent
FNDA:0,(anonymous_1)
DA:39,0
DA:41,0
DA:46,0
DA:60,0
LF:4
LH:0
BRDA:51,0,0,0
BRDA:51,0,1,0
BRF:2
BRH:0
end_of_record
TN:
SF:app/components/GoogleSignInButton.tsx
FN:28,GoogleSignInButton
FN:53,(anonymous_1)
FN:72,(anonymous_2)
FN:77,(anonymous_3)
FN:87,(anonymous_4)
FN:95,(anonymous_5)
FN:107,(anonymous_6)
FNF:7
FNH:0
FNDA:0,GoogleSignInButton
FNDA:0,(anonymous_1)
FNDA:0,(anonymous_2)
FNDA:0,(anonymous_3)
FNDA:0,(anonymous_4)
FNDA:0,(anonymous_5)
FNDA:0,(anonymous_6)
DA:29,0
DA:30,0
DA:32,0
DA:53,0
DA:72,0
DA:77,0
DA:87,0
DA:95,0
DA:107,0
LF:9
LH:0
BRDA:36,0,0,0
BRDA:36,0,1,0
BRDA:45,1,0,0
BRDA:45,1,1,0
BRDA:58,2,0,0
BRDA:58,2,1,0
BRDA:89,3,0,0
BRDA:89,3,1,0
BRDA:90,4,0,0
BRDA:90,4,1,0
BRF:10
BRH:0
end_of_record
TN:
SF:app/components/Header.tsx
FN:151,Header
FN:238,HeaderAction
FN:289,(anonymous_2)
FN:298,(anonymous_3)
FN:302,(anonymous_4)
FN:319,(anonymous_5)
FNF:6
FNH:0
FNDA:0,Header
FNDA:0,HeaderAction
FNDA:0,(anonymous_2)
FNDA:0,(anonymous_3)
FNDA:0,(anonymous_4)
FNDA:0,(anonymous_5)
DA:155,0
DA:181,0
DA:183,0
DA:185,0
DA:187,0
DA:239,0
DA:240,0
DA:242,0
DA:244,0
DA:246,0
DA:247,0
DA:259,0
DA:260,0
DA:272,0
DA:275,0
DA:281,0
DA:285,0
DA:289,0
DA:298,0
DA:302,0
DA:311,0
DA:315,0
DA:319,0
DA:329,0
LF:24
LH:0
BRDA:157,0,0,0
BRDA:172,1,0,0
BRDA:174,2,0,0
BRDA:185,3,0,0
BRDA:185,3,1,0
BRDA:201,4,0,0
BRDA:201,4,1,0
BRDA:205,5,0,0
BRDA:205,5,1,0
BRDA:206,6,0,0
BRDA:206,6,1,0
BRDA:242,7,0,0
BRDA:242,7,1,0
BRDA:244,8,0,0
BRDA:244,8,1,0
BRDA:246,9,0,0
BRDA:246,9,1,0
BRDA:259,10,0,0
BRDA:259,10,1,0
BRDA:267,11,0,0
BRDA:267,11,1,0
BRF:21
BRH:0
end_of_record
TN:
SF:app/components/Icon.tsx
FN:55,PressableIcon
FN:74,(anonymous_1)
FN:99,Icon
FN:118,(anonymous_3)
FNF:4
FNH:0
FNDA:0,PressableIcon
FNDA:0,(anonymous_1)
FNDA:0,Icon
FNDA:0,(anonymous_3)
DA:63,0
DA:65,0
DA:67,0
DA:74,0
DA:75,0
DA:76,0
DA:77,0
DA:80,0
DA:85,0
DA:107,0
DA:109,0
DA:111,0
DA:118,0
DA:119,0
DA:120,0
DA:121,0
DA:124,0
DA:129,0
DA:136,0
DA:153,0
DA:158,0
LF:21
LH:0
BRDA:69,0,0,0
BRDA:69,0,1,0
BRDA:70,1,0,0
BRDA:70,1,1,0
BRDA:75,2,0,0
BRDA:75,2,1,0
BRDA:77,3,0,0
BRDA:77,3,1,0
BRDA:77,4,0,0
BRDA:77,4,1,0
BRDA:77,5,0,0
BRDA:77,5,1,0
BRDA:113,6,0,0
BRDA:113,6,1,0
BRDA:114,7,0,0
BRDA:114,7,1,0
BRDA:119,8,0,0
BRDA:119,8,1,0
BRDA:121,9,0,0
BRDA:121,9,1,0
BRDA:121,10,0,0
BRDA:121,10,1,0
BRDA:121,11,0,0
BRDA:121,11,1,0
BRF:24
BRH:0
end_of_record
TN:
SF:app/components/KeyboardAwareView.tsx
FN:22,(anonymous_0)
FN:33,(anonymous_1)
FN:36,(anonymous_2)
FN:44,(anonymous_3)
FN:58,(anonymous_4)
FN:91,(anonymous_5)
FN:103,(anonymous_6)
FN:104,(anonymous_7)
FNF:8
FNH:0
FNDA:0,(anonymous_0)
FNDA:0,(anonymous_1)
FNDA:0,(anonymous_2)
FNDA:0,(anonymous_3)
FNDA:0,(anonymous_4)
FNDA:0,(anonymous_5)
FNDA:0,(anonymous_6)
FNDA:0,(anonymous_7)
DA:22,0
DA:29,0
DA:30,0
DA:31,0
DA:33,0
DA:34,0
DA:36,0
DA:37,0
DA:44,0
DA:45,0
DA:52,0
DA:53,0
DA:55,0
DA:56,0
DA:58,0
DA:59,0
DA:60,0
DA:64,0
DA:65,0
DA:68,0
DA:70,0
DA:91,0
DA:98,0
DA:100,0
DA:103,0
DA:104,0
DA:111,0
DA:115,0
DA:119,0
DA:123,0
DA:124,0
LF:31
LH:0
BRDA:25,0,0,0
BRDA:25,1,0,0
BRDA:25,1,1,0
BRDA:27,2,0,0
BRDA:34,3,0,0
BRDA:34,3,1,0
BRDA:38,4,0,0
BRDA:38,4,1,0
BRDA:46,5,0,0
BRDA:46,5,1,0
BRDA:52,6,0,0
BRDA:52,6,1,0
BRDA:53,7,0,0
BRDA:53,7,1,0
BRDA:64,8,0,0
BRDA:64,8,1,0
BRDA:68,9,0,0
BRDA:68,9,1,0
BRDA:80,10,0,0
BRDA:80,10,1,0
BRF:20
BRH:0
end_of_record
TN:
SF:app/components/ListItem.tsx
FN:109,ListItem
FN:184,ListItemAction
FN:211,(anonymous_2)
FN:216,(anonymous_3)
FN:221,(anonymous_4)
FN:237,(anonymous_5)
FN:241,(anonymous_6)
FNF:7
FNH:0
FNDA:0,ListItem
FNDA:0,ListItemAction
FNDA:0,(anonymous_2)
FNDA:0,(anonymous_3)
FNDA:0,(anonymous_4)
FNDA:0,(anonymous_5)
FNDA:0,(anonymous_6)
DA:109,0
DA:132,0
DA:133,0
DA:136,0
DA:141,0
DA:143,0
DA:149,0
DA:151,0
DA:153,0
DA:185,0
DA:186,0
DA:188,0
DA:190,0
DA:192,0
DA:193,0
DA:208,0
DA:211,0
DA:216,0
DA:221,0
DA:228,0
DA:232,0
DA:237,0
DA:241,0
LF:23
LH:0
BRDA:116,0,0,0
BRDA:136,1,0,0
BRDA:136,1,1,0
BRDA:136,1,2,0
BRDA:136,1,3,0
BRDA:144,2,0,0
BRDA:144,2,1,0
BRDA:145,3,0,0
BRDA:145,3,1,0
BRDA:151,4,0,0
BRDA:151,4,1,0
BRDA:190,5,0,0
BRDA:190,5,1,0
BRDA:192,6,0,0
BRDA:192,6,1,0
BRDA:200,7,0,0
BRDA:200,7,1,0
BRDA:201,8,0,0
BRDA:201,8,1,0
BRF:19
BRH:0
end_of_record
TN:
SF:app/components/ListView.tsx
FN:29,(anonymous_0)
FNF:1
FNH:0
FNDA:0,(anonymous_0)
DA:28,0
DA:30,0
DA:32,0
DA:36,0
DA:38,0
LF:5
LH:0
BRDA:30,0,0,0
BRDA:30,0,1,0
BRF:2
BRH:0
end_of_record
TN:
SF:app/components/LoadingOverlay.tsx
FN:29,LoadingOverlay
FN:73,(anonymous_1)
FN:85,(anonymous_2)
FN:102,(anonymous_3)
FN:106,(anonymous_4)
FNF:5
FNH:0
FNDA:0,LoadingOverlay
FNDA:0,(anonymous_1)
FNDA:0,(anonymous_2)
FNDA:0,(anonymous_3)
FNDA:0,(anonymous_4)
DA:29,0
DA:38,0
DA:40,0
DA:73,0
DA:85,0
DA:102,0
DA:106,0
LF:7
LH:0
BRDA:31,0,0,0
BRDA:32,1,0,0
BRDA:34,2,0,0
BRDA:60,3,0,0
BRDA:60,3,1,0
BRF:5
BRH:0
end_of_record
TN:
SF:app/components/LoadingSpinner.tsx
FN:12,(anonymous_0)
FN:39,(anonymous_1)
FN:61,(anonymous_2)
FN:77,(anonymous_3)
FN:84,(anonymous_4)
FN:97,(anonymous_5)
FN:101,(anonymous_6)
FN:107,(anonymous_7)
FN:112,(anonymous_8)
FN:122,(anonymous_9)
FNF:10
FNH:0
FNDA:0,(anonymous_0)
FNDA:0,(anonymous_1)
FNDA:0,(anonymous_2)
FNDA:0,(anonymous_3)
FNDA:0,(anonymous_4)
FNDA:0,(anonymous_5)
FNDA:0,(anonymous_6)
FNDA:0,(anonymous_7)
FNDA:0,(anonymous_8)
FNDA:0,(anonymous_9)
DA:12,0
DA:17,0
DA:19,0
DA:21,0
DA:39,0
DA:48,0
DA:50,0
DA:61,0
DA:62,0
DA:64,0
DA:77,0
DA:84,0
DA:97,0
DA:101,0
DA:107,0
DA:112,0
DA:122,0
DA:128,0
DA:129,0
DA:130,0
LF:20
LH:0
BRDA:13,0,0,0
BRDA:14,1,0,0
BRDA:15,2,0,0
BRDA:19,3,0,0
BRDA:19,3,1,0
BRDA:28,4,0,0
BRDA:28,4,1,0
BRDA:40,5,0,0
BRDA:41,6,0,0
BRDA:42,7,0,0
BRF:10
BRH:0
end_of_record
TN:
SF:app/components/LyricsDisplay.tsx
FN:56,LyricsDisplay
FN:69,(anonymous_1)
FN:73,(anonymous_2)
FN:78,(anonymous_3)
FN:84,(anonymous_4)
FN:179,LyricLine
FN:183,(anonymous_6)
FN:242,(anonymous_7)
FN:249,(anonymous_8)
FN:255,(anonymous_9)
FN:263,(anonymous_10)
FN:271,(anonymous_11)
FN:278,(anonymous_12)
FN:285,(anonymous_13)
FN:293,(anonymous_14)
FN:300,(anonymous_15)
FN:308,(anonymous_16)
FN:313,(anonymous_17)
FN:320,(anonymous_18)
FN:325,(anonymous_19)
FN:333,(anonymous_20)
FN:341,(anonymous_21)
FN:346,(anonymous_22)
FN:351,(anonymous_23)
FN:356,(anonymous_24)
FN:365,(anonymous_25)
FN:370,(anonymous_26)
FN:378,(anonymous_27)
FN:386,(anonymous_28)
FN:392,(anonymous_29)
FN:400,(anonymous_30)
FN:407,(anonymous_31)
FNF:32
FNH:0
FNDA:0,LyricsDisplay
FNDA:0,(anonymous_1)
FNDA:0,(anonymous_2)
FNDA:0,(anonymous_3)
FNDA:0,(anonymous_4)
FNDA:0,LyricLine
FNDA:0,(anonymous_6)
FNDA:0,(anonymous_7)
FNDA:0,(anonymous_8)
FNDA:0,(anonymous_9)
FNDA:0,(anonymous_10)
FNDA:0,(anonymous_11)
FNDA:0,(anonymous_12)
FNDA:0,(anonymous_13)
FNDA:0,(anonymous_14)
FNDA:0,(anonymous_15)
FNDA:0,(anonymous_16)
FNDA:0,(anonymous_17)
FNDA:0,(anonymous_18)
FNDA:0,(anonymous_19)
FNDA:0,(anonymous_20)
FNDA:0,(anonymous_21)
FNDA:0,(anonymous_22)
FNDA:0,(anonymous_23)
FNDA:0,(anonymous_24)
FNDA:0,(anonymous_25)
FNDA:0,(anonymous_26)
FNDA:0,(anonymous_27)
FNDA:0,(anonymous_28)
FNDA:0,(anonymous_29)
FNDA:0,(anonymous_30)
FNDA:0,(anonymous_31)
DA:66,0
DA:69,0
DA:70,0
DA:72,0
DA:73,0
DA:78,0
DA:79,0
DA:80,0
DA:84,0
DA:85,0
DA:86,0
DA:87,0
DA:90,0
DA:91,0
DA:101,0
DA:180,0
DA:183,0
DA:184,0
DA:186,0
DA:187,0
DA:188,0
DA:191,0
DA:242,0
DA:249,0
DA:255,0
DA:263,0
DA:271,0
DA:278,0
DA:285,0
DA:293,0
DA:300,0
DA:308,0
DA:313,0
DA:320,0
DA:325,0
DA:333,0
DA:341,0
DA:346,0
DA:351,0
DA:356,0
DA:365,0
DA:370,0
DA:378,0
DA:386,0
DA:392,0
DA:400,0
DA:407,0
LF:47
LH:0
BRDA:60,0,0,0
BRDA:61,1,0,0
BRDA:70,2,0,0
BRDA:70,2,1,0
BRDA:73,3,0,0
BRDA:73,3,1,0
BRDA:79,4,0,0
BRDA:79,4,1,0
BRDA:79,5,0,0
BRDA:79,5,1,0
BRDA:85,6,0,0
BRDA:85,6,1,0
BRDA:85,7,0,0
BRDA:85,7,1,0
BRDA:87,8,0,0
BRDA:87,8,1,0
BRDA:90,9,0,0
BRDA:90,9,1,0
BRDA:114,10,0,0
BRDA:114,10,1,0
BRDA:126,11,0,0
BRDA:126,11,1,0
BRDA:134,12,0,0
BRDA:134,12,1,0
BRDA:134,12,2,0
BRDA:146,13,0,0
BRDA:146,13,1,0
BRDA:156,14,0,0
BRDA:156,14,1,0
BRDA:156,14,2,0
BRDA:179,15,0,0
BRDA:184,16,0,0
BRDA:184,16,1,0
BRDA:184,17,0,0
BRDA:184,17,1,0
BRDA:194,18,0,0
BRDA:194,18,1,0
BRDA:208,19,0,0
BRDA:208,19,1,0
BRDA:209,20,0,0
BRDA:209,20,1,0
BRDA:210,21,0,0
BRDA:210,21,1,0
BRDA:211,22,0,0
BRDA:211,22,1,0
BRDA:216,23,0,0
BRDA:216,23,1,0
BRDA:225,24,0,0
BRDA:225,24,1,0
BRDA:232,25,0,0
BRDA:232,25,1,0
BRDA:232,25,2,0
BRDA:316,26,0,0
BRDA:316,26,1,0
BRDA:373,27,0,0
BRDA:373,27,1,0
BRF:56
BRH:0
end_of_record
TN:
SF:app/components/OptimizedImage.tsx
FN:15,(anonymous_0)
FN:29,(anonymous_1)
FN:34,(anonymous_2)
FN:40,(anonymous_3)
FN:81,(anonymous_4)
FN:94,(anonymous_5)
FN:98,(anonymous_6)
FN:104,(anonymous_7)
FN:139,(anonymous_8)
FN:150,(anonymous_9)
FN:162,(anonymous_10)
FN:172,(anonymous_11)
FN:178,(anonymous_12)
FNF:13
FNH:0
FNDA:0,(anonymous_0)
FNDA:0,(anonymous_1)
FNDA:0,(anonymous_2)
FNDA:0,(anonymous_3)
FNDA:0,(anonymous_4)
FNDA:0,(anonymous_5)
FNDA:0,(anonymous_6)
FNDA:0,(anonymous_7)
FNDA:0,(anonymous_8)
FNDA:0,(anonymous_9)
FNDA:0,(anonymous_10)
FNDA:0,(anonymous_11)
FNDA:0,(anonymous_12)
DA:15,0
DA:25,0
DA:26,0
DA:27,0
DA:29,0
DA:30,0
DA:31,0
DA:34,0
DA:35,0
DA:36,0
DA:37,0
DA:40,0
DA:41,0
DA:42,0
DA:43,0
DA:46,0
DA:47,0
DA:55,0
DA:81,0
DA:92,0
DA:94,0
DA:95,0
DA:96,0
DA:98,0
DA:104,0
DA:111,0
DA:112,0
DA:123,0
DA:130,0
DA:134,0
DA:139,0
DA:150,0
DA:157,0
DA:162,0
DA:168,0
DA:172,0
DA:178,0
DA:184,0
DA:185,0
LF:39
LH:0
BRDA:18,0,0,0
BRDA:19,1,0,0
BRDA:20,2,0,0
BRDA:46,3,0,0
BRDA:46,3,1,0
BRDA:71,4,0,0
BRDA:71,4,1,0
BRDA:71,4,2,0
BRDA:84,5,0,0
BRDA:95,6,0,0
BRDA:95,6,1,0
BRDA:108,7,0,0
BRDA:108,7,1,0
BRDA:111,8,0,0
BRDA:111,8,1,0
BRF:15
BRH:0
end_of_record
TN:
SF:app/components/PitchAnalyzer.tsx
FN:50,PitchAnalyzer
FN:69,(anonymous_1)
FN:74,(anonymous_2)
FN:81,(anonymous_3)
FN:89,(anonymous_4)
FN:90,(anonymous_5)
FN:98,(anonymous_6)
FN:110,(anonymous_7)
FN:152,(anonymous_8)
FN:174,(anonymous_9)
FN:183,(anonymous_10)
FN:184,(anonymous_11)
FN:209,(anonymous_12)
FN:222,(anonymous_13)
FN:410,(anonymous_14)
FN:418,(anonymous_15)
FN:423,(anonymous_16)
FN:430,(anonymous_17)
FN:438,(anonymous_18)
FN:442,(anonymous_19)
FN:454,(anonymous_20)
FN:458,(anonymous_21)
FN:465,(anonymous_22)
FN:469,(anonymous_23)
FN:473,(anonymous_24)
FN:481,(anonymous_25)
FN:485,(anonymous_26)
FN:492,(anonymous_27)
FN:499,(anonymous_28)
FN:503,(anonymous_29)
FN:510,(anonymous_30)
FN:516,(anonymous_31)
FN:522,(anonymous_32)
FN:529,(anonymous_33)
FN:534,(anonymous_34)
FN:540,(anonymous_35)
FN:545,(anonymous_36)
FN:552,(anonymous_37)
FN:560,(anonymous_38)
FN:565,(anonymous_39)
FN:571,(anonymous_40)
FN:579,(anonymous_41)
FN:586,(anonymous_42)
FN:592,(anonymous_43)
FN:600,(anonymous_44)
FN:605,(anonymous_45)
FN:612,(anonymous_46)
FN:617,(anonymous_47)
FN:623,(anonymous_48)
FN:630,(anonymous_49)
FN:636,(anonymous_50)
FNF:51
FNH:0
FNDA:0,PitchAnalyzer
FNDA:0,(anonymous_1)
FNDA:0,(anonymous_2)
FNDA:0,(anonymous_3)
FNDA:0,(anonymous_4)
FNDA:0,(anonymous_5)
FNDA:0,(anonymous_6)
FNDA:0,(anonymous_7)
FNDA:0,(anonymous_8)
FNDA:0,(anonymous_9)
FNDA:0,(anonymous_10)
FNDA:0,(anonymous_11)
FNDA:0,(anonymous_12)
FNDA:0,(anonymous_13)
FNDA:0,(anonymous_14)
FNDA:0,(anonymous_15)
FNDA:0,(anonymous_16)
FNDA:0,(anonymous_17)
FNDA:0,(anonymous_18)
FNDA:0,(anonymous_19)
FNDA:0,(anonymous_20)
FNDA:0,(anonymous_21)
FNDA:0,(anonymous_22)
FNDA:0,(anonymous_23)
FNDA:0,(anonymous_24)
FNDA:0,(anonymous_25)
FNDA:0,(anonymous_26)
FNDA:0,(anonymous_27)
FNDA:0,(anonymous_28)
FNDA:0,(anonymous_29)
FNDA:0,(anonymous_30)
FNDA:0,(anonymous_31)
FNDA:0,(anonymous_32)
FNDA:0,(anonymous_33)
FNDA:0,(anonymous_34)
FNDA:0,(anonymous_35)
FNDA:0,(anonymous_36)
FNDA:0,(anonymous_37)
FNDA:0,(anonymous_38)
FNDA:0,(anonymous_39)
FNDA:0,(anonymous_40)
FNDA:0,(anonymous_41)
FNDA:0,(anonymous_42)
FNDA:0,(anonymous_43)
FNDA:0,(anonymous_44)
FNDA:0,(anonymous_45)
FNDA:0,(anonymous_46)
FNDA:0,(anonymous_47)
FNDA:0,(anonymous_48)
FNDA:0,(anonymous_49)
FNDA:0,(anonymous_50)
DA:58,0
DA:59,0
DA:60,0
DA:61,0
DA:62,0
DA:63,0
DA:65,0
DA:66,0
DA:69,0
DA:70,0
DA:74,0
DA:75,0
DA:81,0
DA:82,0
DA:83,0
DA:89,0
DA:90,0
DA:91,0
DA:98,0
DA:99,0
DA:101,0
DA:102,0
DA:103,0
DA:104,0
DA:106,0
DA:108,0
DA:111,0
DA:112,0
DA:114,0
DA:126,0
DA:127,0
DA:128,0
DA:131,0
DA:133,0
DA:134,0
DA:136,0
DA:137,0
DA:138,0
DA:139,0
DA:140,0
DA:142,0
DA:143,0
DA:144,0
DA:152,0
DA:153,0
DA:155,0
DA:156,0
DA:157,0
DA:158,0
DA:159,0
DA:160,0
DA:161,0
DA:162,0
DA:164,0
DA:166,0
DA:167,0
DA:174,0
DA:175,0
DA:176,0
DA:178,0
DA:183,0
DA:184,0
DA:185,0
DA:189,0
DA:190,0
DA:193,0
DA:194,0
DA:210,0
DA:211,0
DA:222,0
DA:223,0
DA:225,0
DA:227,0
DA:229,0
DA:231,0
DA:233,0
DA:235,0
DA:239,0
DA:410,0
DA:418,0
DA:423,0
DA:430,0
DA:438,0
DA:442,0
DA:454,0
DA:458,0
DA:465,0
DA:469,0
DA:473,0
DA:481,0
DA:485,0
DA:492,0
DA:499,0
DA:503,0
DA:510,0
DA:516,0
DA:522,0
DA:529,0
DA:534,0
DA:540,0
DA:545,0
DA:552,0
DA:560,0
DA:565,0
DA:571,0
DA:579,0
DA:586,0
DA:592,0
DA:600,0
DA:605,0
DA:612,0
DA:617,0
DA:623,0
DA:630,0
DA:636,0
LF:115
LH:0
BRDA:56,0,0,0
BRDA:82,1,0,0
BRDA:82,1,1,0
BRDA:99,2,0,0
BRDA:99,2,1,0
BRDA:99,3,0,0
BRDA:99,3,1,0
BRDA:137,4,0,0
BRDA:137,4,1,0
BRDA:142,5,0,0
BRDA:142,5,1,0
BRDA:142,6,0,0
BRDA:142,6,1,0
BRDA:153,7,0,0
BRDA:153,7,1,0
BRDA:175,8,0,0
BRDA:175,8,1,0
BRDA:184,9,0,0
BRDA:184,9,1,0
BRDA:185,10,0,0
BRDA:185,10,1,0
BRDA:193,11,0,0
BRDA:193,11,1,0
BRDA:223,12,0,0
BRDA:223,12,1,0
BRDA:223,12,2,0
BRDA:223,12,3,0
BRDA:223,12,4,0
BRDA:223,12,5,0
BRDA:244,13,0,0
BRDA:244,13,1,0
BRDA:252,14,0,0
BRDA:252,14,1,0
BRDA:257,15,0,0
BRDA:257,15,1,0
BRDA:259,16,0,0
BRDA:259,16,1,0
BRDA:259,17,0,0
BRDA:259,17,1,0
BRDA:262,18,0,0
BRDA:262,18,1,0
BRDA:265,19,0,0
BRDA:265,19,1,0
BRDA:266,20,0,0
BRDA:266,20,1,0
BRDA:271,21,0,0
BRDA:271,21,1,0
BRDA:277,22,0,0
BRDA:277,22,1,0
BRDA:296,23,0,0
BRDA:296,23,1,0
BRDA:298,24,0,0
BRDA:298,24,1,0
BRDA:310,25,0,0
BRDA:310,25,1,0
BRDA:362,26,0,0
BRDA:362,26,1,0
BRDA:388,27,0,0
BRDA:388,27,1,0
BRDA:388,27,2,0
BRDA:397,28,0,0
BRDA:397,28,1,0
BRDA:397,28,2,0
BRF:63
BRH:0
end_of_record
TN:
SF:app/components/PitchVisualizer.tsx
FN:39,PitchVisualizer
FN:51,(anonymous_1)
FN:207,(anonymous_2)
FN:215,(anonymous_3)
FN:222,(anonymous_4)
FN:228,(anonymous_5)
FN:234,(anonymous_6)
FN:239,(anonymous_7)
FN:245,(anonymous_8)
FN:252,(anonymous_9)
FN:258,(anonymous_10)
FN:264,(anonymous_11)
FN:273,(anonymous_12)
FN:278,(anonymous_13)
FN:288,(anonymous_14)
FN:304,(anonymous_15)
FN:310,(anonymous_16)
FN:322,(anonymous_17)
FN:329,(anonymous_18)
FN:337,(anonymous_19)
FN:345,(anonymous_20)
FNF:21
FNH:0
FNDA:0,PitchVisualizer
FNDA:0,(anonymous_1)
FNDA:0,(anonymous_2)
FNDA:0,(anonymous_3)
FNDA:0,(anonymous_4)
FNDA:0,(anonymous_5)
FNDA:0,(anonymous_6)
FNDA:0,(anonymous_7)
FNDA:0,(anonymous_8)
FNDA:0,(anonymous_9)
FNDA:0,(anonymous_10)
FNDA:0,(anonymous_11)
FNDA:0,(anonymous_12)
FNDA:0,(anonymous_13)
FNDA:0,(anonymous_14)
FNDA:0,(anonymous_15)
FNDA:0,(anonymous_16)
FNDA:0,(anonymous_17)
FNDA:0,(anonymous_18)
FNDA:0,(anonymous_19)
FNDA:0,(anonymous_20)
DA:45,0
DA:46,0
DA:47,0
DA:48,0
DA:51,0
DA:52,0
DA:54,0
DA:59,0
DA:62,0
DA:66,0
DA:68,0
DA:70,0
DA:78,0
DA:79,0
DA:87,0
DA:93,0
DA:94,0
DA:95,0
DA:99,0
DA:100,0
DA:109,0
DA:207,0
DA:215,0
DA:222,0
DA:228,0
DA:234,0
DA:239,0
DA:245,0
DA:252,0
DA:258,0
DA:264,0
DA:273,0
DA:278,0
DA:288,0
DA:304,0
DA:310,0
DA:322,0
DA:329,0
DA:337,0
DA:345,0
LF:40
LH:0
BRDA:42,0,0,0
BRDA:43,1,0,0
BRDA:52,2,0,0
BRDA:52,2,1,0
BRDA:52,3,0,0
BRDA:52,3,1,0
BRDA:68,4,0,0
BRDA:68,4,1,0
BRDA:78,5,0,0
BRDA:78,5,1,0
BRDA:99,6,0,0
BRDA:99,6,1,0
BRDA:139,7,0,0
BRDA:139,7,1,0
BRDA:158,8,0,0
BRDA:158,8,1,0
BRDA:184,9,0,0
BRDA:184,9,1,0
BRDA:195,10,0,0
BRDA:195,10,1,0
BRF:20
BRH:0
end_of_record
TN:
SF:app/components/Screen.tsx
FN:101,isNonScrolling
FN:110,useAutoPreset
FN:122,updateScrollState
FN:126,(anonymous_3)
FN:145,onContentSizeChange
FN:154,onLayout
FN:175,ScreenWithoutScrolling
FN:190,ScreenWithScrolling
FN:213,(anonymous_8)
FN:217,(anonymous_9)
FN:241,Screen
FNF:11
FNH:0
FNDA:0,isNonScrolling
FNDA:0,useAutoPreset
FNDA:0,updateScrollState
FNDA:0,(anonymous_3)
FNDA:0,onContentSizeChange
FNDA:0,onLayout
FNDA:0,ScreenWithoutScrolling
FNDA:0,ScreenWithScrolling
FNDA:0,(anonymous_8)
FNDA:0,(anonymous_9)
FNDA:0,Screen
DA:21,0
DA:93,0
DA:102,0
DA:115,0
DA:116,0
DA:118,0
DA:119,0
DA:120,0
DA:123,0
DA:126,0
DA:127,0
DA:128,0
DA:130,0
DA:135,0
DA:138,0
DA:147,0
DA:148,0
DA:155,0
DA:157,0
DA:158,0
DA:162,0
DA:164,0
DA:176,0
DA:177,0
DA:198,0
DA:200,0
DA:202,0
DA:206,0
DA:208,0
DA:214,0
DA:215,0
DA:218,0
DA:219,0
DA:245,0
DA:253,0
DA:255,0
DA:257,0
DA:286,0
DA:292,0
DA:298,0
DA:302,0
LF:41
LH:0
BRDA:102,0,0,0
BRDA:102,0,1,0
BRDA:116,1,0,0
BRDA:116,2,0,0
BRDA:116,3,0,0
BRDA:116,3,1,0
BRDA:123,4,0,0
BRDA:123,4,1,0
BRDA:123,5,0,0
BRDA:123,5,1,0
BRDA:127,6,0,0
BRDA:127,6,1,0
BRDA:135,7,0,0
BRDA:135,7,1,0
BRDA:135,8,0,0
BRDA:135,8,1,0
BRDA:138,9,0,0
BRDA:138,9,1,0
BRDA:138,10,0,0
BRDA:138,10,1,0
BRDA:162,11,0,0
BRDA:162,11,1,0
BRDA:165,12,0,0
BRDA:165,12,1,0
BRDA:179,13,0,0
BRDA:179,13,1,0
BRDA:193,14,0,0
BRDA:194,15,0,0
BRDA:249,16,0,0
BRDA:261,17,0,0
BRDA:261,17,1,0
BRDA:266,18,0,0
BRDA:266,18,1,0
BRDA:266,19,0,0
BRDA:266,19,1,0
BRDA:271,20,0,0
BRDA:271,20,1,0
BRDA:276,21,0,0
BRDA:276,21,1,0
BRF:39
BRH:0
end_of_record
TN:
SF:app/components/ScreenHeader.tsx
FN:80,ScreenHeader
FN:132,(anonymous_1)
FN:137,(anonymous_2)
FN:146,(anonymous_3)
FN:152,(anonymous_4)
FN:158,(anonymous_5)
FN:164,(anonymous_6)
FN:169,(anonymous_7)
FNF:8
FNH:0
FNDA:0,ScreenHeader
FNDA:0,(anonymous_1)
FNDA:0,(anonymous_2)
FNDA:0,(anonymous_3)
FNDA:0,(anonymous_4)
FNDA:0,(anonymous_5)
FNDA:0,(anonymous_6)
FNDA:0,(anonymous_7)
DA:80,0
DA:90,0
DA:91,0
DA:93,0
DA:95,0
DA:132,0
DA:137,0
DA:146,0
DA:152,0
DA:158,0
DA:164,0
DA:169,0
LF:12
LH:0
BRDA:83,0,0,0
BRDA:88,1,0,0
BRDA:93,2,0,0
BRDA:93,2,1,0
BRDA:99,3,0,0
BRDA:99,3,1,0
BRDA:106,4,0,0
BRDA:106,4,1,0
BRDA:125,5,0,0
BRDA:125,5,1,0
BRF:10
BRH:0
end_of_record
TN:
SF:app/components/SearchBar.tsx
FN:22,SearchBar
FN:47,(anonymous_1)
FN:58,(anonymous_2)
FN:62,(anonymous_3)
FNF:4
FNH:0
FNDA:0,SearchBar
FNDA:0,(anonymous_1)
FNDA:0,(anonymous_2)
FNDA:0,(anonymous_3)
DA:22,0
DA:26,0
DA:28,0
DA:47,0
DA:58,0
DA:62,0
LF:6
LH:0
BRDA:23,0,0,0
BRF:1
BRH:0
end_of_record
TN:
SF:app/components/SongList.tsx
FN:36,SongList
FN:47,(anonymous_1)
FN:53,(anonymous_2)
FN:60,(anonymous_3)
FN:63,(anonymous_4)
FN:68,(anonymous_5)
FN:80,(anonymous_6)
FN:89,(anonymous_7)
FN:102,(anonymous_8)
FNF:9
FNH:0
FNDA:0,SongList
FNDA:0,(anonymous_1)
FNDA:0,(anonymous_2)
FNDA:0,(anonymous_3)
FNDA:0,(anonymous_4)
FNDA:0,(anonymous_5)
FNDA:0,(anonymous_6)
FNDA:0,(anonymous_7)
FNDA:0,(anonymous_8)
DA:44,0
DA:47,0
DA:48,0
DA:49,0
DA:52,0
DA:53,0
DA:54,0
DA:57,0
DA:60,0
DA:61,0
DA:63,0
DA:68,0
DA:69,0
DA:85,0
DA:89,0
DA:102,0
LF:16
LH:0
BRDA:38,0,0,0
BRDA:48,1,0,0
BRDA:48,1,1,0
BRDA:54,2,0,0
BRDA:54,2,1,0
BRDA:70,3,0,0
BRDA:70,3,1,0
BRDA:71,4,0,0
BRDA:71,4,1,0
BRDA:73,5,0,0
BRDA:73,5,1,0
BRDA:74,6,0,0
BRDA:74,6,1,0
BRDA:79,7,0,0
BRDA:79,7,1,0
BRDA:80,8,0,0
BRDA:80,8,1,0
BRF:17
BRH:0
end_of_record
TN:
SF:app/components/SongListItem.tsx
FN:28,SongListItem
FN:80,(anonymous_1)
FN:88,(anonymous_2)
FN:94,(anonymous_3)
FN:99,(anonymous_4)
FN:104,(anonymous_5)
FN:110,(anonymous_6)
FN:115,(anonymous_7)
FNF:8
FNH:0
FNDA:0,SongListItem
FNDA:0,(anonymous_1)
FNDA:0,(anonymous_2)
FNDA:0,(anonymous_3)
FNDA:0,(anonymous_4)
FNDA:0,(anonymous_5)
FNDA:0,(anonymous_6)
FNDA:0,(anonymous_7)
DA:34,0
DA:37,0
DA:80,0
DA:88,0
DA:94,0
DA:99,0
DA:104,0
DA:110,0
DA:115,0
LF:9
LH:0
BRDA:31,0,0,0
BRDA:75,1,0,0
BRDA:75,1,1,0
BRF:3
BRH:0
end_of_record
TN:
SF:app/components/Text.tsx
FN:59,Text
FN:92,(anonymous_1)
FN:96,(anonymous_2)
FNF:3
FNH:0
FNDA:0,Text
FNDA:0,(anonymous_1)
FNDA:0,(anonymous_2)
DA:59,0
DA:60,0
DA:61,0
DA:63,0
DA:64,0
DA:66,0
DA:67,0
DA:75,0
DA:82,0
DA:92,0
DA:93,0
DA:96,0
DA:102,0
DA:116,0
LF:14
LH:0
BRDA:63,0,0,0
BRDA:63,0,1,0
BRDA:64,1,0,0
BRDA:64,1,1,0
BRDA:64,1,2,0
BRDA:66,2,0,0
BRDA:66,2,1,0
BRDA:70,3,0,0
BRDA:70,3,1,0
BRDA:71,4,0,0
BRDA:71,4,1,0
BRDA:116,5,0,0
BRDA:116,5,1,0
BRF:13
BRH:0
end_of_record
TN:
SF:app/components/TextField.tsx
FN:113,TextField
FN:156,(anonymous_1)
FN:183,focusInput
FN:189,(anonymous_3)
FN:254,(anonymous_4)
FN:258,(anonymous_5)
FN:267,(anonymous_6)
FN:281,(anonymous_7)
FN:285,(anonymous_8)
FN:292,(anonymous_9)
FNF:10
FNH:0
FNDA:0,TextField
FNDA:0,(anonymous_1)
FNDA:0,focusInput
FNDA:0,(anonymous_3)
FNDA:0,(anonymous_4)
FNDA:0,(anonymous_5)
FNDA:0,(anonymous_6)
FNDA:0,(anonymous_7)
FNDA:0,(anonymous_8)
FNDA:0,(anonymous_9)
DA:113,0
DA:133,0
DA:134,0
DA:139,0
DA:141,0
DA:143,0
DA:147,0
DA:149,0
DA:151,0
DA:156,0
DA:166,0
DA:174,0
DA:184,0
DA:186,0
DA:189,0
DA:191,0
DA:254,0
DA:258,0
DA:267,0
DA:281,0
DA:285,0
DA:292,0
LF:22
LH:0
BRDA:141,0,0,0
BRDA:141,0,1,0
BRDA:143,1,0,0
BRDA:143,1,1,0
BRDA:154,2,0,0
BRDA:154,2,1,0
BRDA:155,3,0,0
BRDA:155,3,1,0
BRDA:160,4,0,0
BRDA:160,4,1,0
BRDA:161,5,0,0
BRDA:161,5,1,0
BRDA:162,6,0,0
BRDA:162,6,1,0
BRDA:168,7,0,0
BRDA:168,7,1,0
BRDA:169,8,0,0
BRDA:169,8,1,0
BRDA:170,9,0,0
BRDA:170,9,1,0
BRDA:176,10,0,0
BRDA:176,10,1,0
BRDA:184,11,0,0
BRDA:184,11,1,0
BRDA:198,12,0,0
BRDA:198,12,1,0
BRDA:198,13,0,0
BRDA:198,13,1,0
BRDA:210,14,0,0
BRDA:210,14,1,0
BRDA:215,15,0,0
BRDA:215,15,1,0
BRDA:230,16,0,0
BRDA:230,16,1,0
BRDA:235,17,0,0
BRDA:235,17,1,0
BRDA:240,18,0,0
BRDA:240,18,1,0
BRDA:240,19,0,0
BRDA:240,19,1,0
BRF:40
BRH:0
end_of_record
TN:
SF:app/components/Icons/GoogleIcon.tsx
FN:3,(anonymous_0)
FNF:1
FNH:0
FNDA:0,(anonymous_0)
DA:3,0
DA:4,0
LF:2
LH:0
BRF:0
BRH:0
end_of_record
TN:
SF:app/components/Icons/SettingsIcon.tsx
FN:3,(anonymous_0)
FNF:1
FNH:0
FNDA:0,(anonymous_0)
DA:3,0
DA:4,0
LF:2
LH:0
BRF:0
BRH:0
end_of_record
TN:
SF:app/components/Toggle/Checkbox.tsx
FN:29,Checkbox
FN:32,(anonymous_1)
FN:38,CheckboxInput
FN:55,(anonymous_3)
FNF:4
FNH:0
FNDA:0,Checkbox
FNDA:0,(anonymous_1)
FNDA:0,CheckboxInput
FNDA:0,(anonymous_3)
DA:30,0
DA:31,0
DA:32,0
DA:35,0
DA:47,0
DA:51,0
DA:53,0
DA:55,0
DA:56,0
DA:63,0
DA:69,0
DA:76,0
DA:82,0
DA:88,0
DA:118,0
DA:124,0
LF:16
LH:0
BRDA:43,0,0,0
BRDA:57,1,0,0
BRDA:57,1,1,0
BRDA:64,2,0,0
BRDA:64,2,1,0
BRDA:65,3,0,0
BRDA:65,3,1,0
BRDA:70,4,0,0
BRDA:70,4,1,0
BRDA:71,5,0,0
BRDA:71,5,1,0
BRDA:72,6,0,0
BRDA:72,6,1,0
BRDA:77,7,0,0
BRDA:77,7,1,0
BRDA:78,8,0,0
BRDA:78,8,1,0
BRDA:83,9,0,0
BRDA:83,9,1,0
BRDA:84,10,0,0
BRDA:84,10,1,0
BRDA:109,11,0,0
BRDA:109,11,1,0
BRF:23
BRH:0
end_of_record
TN:
SF:app/components/Toggle/Radio.tsx
FN:23,Radio
FN:27,RadioInput
FN:43,(anonymous_2)
FNF:3
FNH:0
FNDA:0,Radio
FNDA:0,RadioInput
FNDA:0,(anonymous_2)
DA:24,0
DA:35,0
DA:39,0
DA:41,0
DA:43,0
DA:44,0
DA:51,0
DA:57,0
DA:64,0
DA:70,0
DA:76,0
DA:100,0
DA:106,0
LF:13
LH:0
BRDA:45,0,0,0
BRDA:45,0,1,0
BRDA:52,1,0,0
BRDA:52,1,1,0
BRDA:53,2,0,0
BRDA:53,2,1,0
BRDA:58,3,0,0
BRDA:58,3,1,0
BRDA:59,4,0,0
BRDA:59,4,1,0
BRDA:60,5,0,0
BRDA:60,5,1,0
BRDA:65,6,0,0
BRDA:65,6,1,0
BRDA:66,7,0,0
BRDA:66,7,1,0
BRDA:71,8,0,0
BRDA:71,8,1,0
BRDA:72,9,0,0
BRDA:72,9,1,0
BRF:20
BRH:0
end_of_record
TN:
SF:app/components/Toggle/Switch.tsx
FN:33,Switch
FN:36,(anonymous_1)
FN:44,SwitchInput
FN:62,(anonymous_3)
FN:70,(anonymous_4)
FN:81,(anonymous_5)
FN:85,(anonymous_6)
FN:100,(anonymous_7)
FN:119,(anonymous_8)
FN:176,SwitchAccessibilityLabel
FN:193,(anonymous_10)
FN:228,(anonymous_11)
FNF:12
FNH:0
FNDA:0,Switch
FNDA:0,(anonymous_1)
FNDA:0,SwitchInput
FNDA:0,(anonymous_3)
FNDA:0,(anonymous_4)
FNDA:0,(anonymous_5)
FNDA:0,(anonymous_6)
FNDA:0,(anonymous_7)
FNDA:0,(anonymous_8)
FNDA:0,SwitchAccessibilityLabel
FNDA:0,(anonymous_10)
FNDA:0,(anonymous_11)
DA:34,0
DA:35,0
DA:37,0
DA:41,0
DA:52,0
DA:57,0
DA:59,0
DA:60,0
DA:62,0
DA:63,0
DA:70,0
DA:71,0
DA:78,0
DA:80,0
DA:81,0
DA:84,0
DA:85,0
DA:88,0
DA:94,0
DA:100,0
DA:101,0
DA:102,0
DA:109,0
DA:118,0
DA:119,0
DA:121,0
DA:127,0
DA:134,0
DA:140,0
DA:145,0
DA:177,0
DA:181,0
DA:183,0
DA:185,0
DA:187,0
DA:193,0
DA:194,0
DA:195,0
DA:196,0
DA:197,0
DA:200,0
DA:223,0
DA:228,0
DA:235,0
DA:242,0
DA:248,0
DA:254,0
DA:259,0
LF:48
LH:0
BRDA:59,0,0,0
BRDA:59,0,1,0
BRDA:64,1,0,0
BRDA:64,1,1,0
BRDA:72,2,0,0
BRDA:72,2,1,0
BRDA:89,3,0,0
BRDA:89,3,1,0
BRDA:90,4,0,0
BRDA:90,4,1,0
BRDA:95,5,0,0
BRDA:95,5,1,0
BRDA:96,6,0,0
BRDA:96,6,1,0
BRDA:101,7,0,0
BRDA:101,7,1,0
BRDA:104,8,0,0
BRDA:104,8,1,0
BRDA:105,9,0,0
BRDA:105,9,1,0
BRDA:111,10,0,0
BRDA:111,10,1,0
BRDA:112,11,0,0
BRDA:112,11,1,0
BRDA:118,12,0,0
BRDA:118,12,1,0
BRDA:121,13,0,0
BRDA:121,13,1,0
BRDA:121,13,2,0
BRDA:121,13,3,0
BRDA:121,13,4,0
BRDA:127,14,0,0
BRDA:127,14,1,0
BRDA:127,14,2,0
BRDA:127,14,3,0
BRDA:127,14,4,0
BRDA:134,15,0,0
BRDA:134,15,1,0
BRDA:135,16,0,0
BRDA:135,16,1,0
BRDA:136,17,0,0
BRDA:136,17,1,0
BRDA:137,18,0,0
BRDA:137,18,1,0
BRDA:138,19,0,0
BRDA:138,19,1,0
BRDA:183,20,0,0
BRDA:183,20,1,0
BRDA:185,21,0,0
BRDA:185,21,1,0
BRDA:185,21,2,0
BRDA:185,21,3,0
BRDA:189,22,0,0
BRDA:189,22,1,0
BRDA:190,23,0,0
BRDA:190,23,1,0
BRDA:194,24,0,0
BRDA:194,24,1,0
BRDA:195,25,0,0
BRDA:195,25,1,0
BRDA:196,26,0,0
BRDA:196,26,1,0
BRDA:196,27,0,0
BRDA:196,27,1,0
BRDA:197,28,0,0
BRDA:197,28,1,0
BRDA:202,29,0,0
BRDA:202,29,1,0
BRDA:202,29,2,0
BRDA:205,30,0,0
BRDA:205,30,1,0
BRDA:206,31,0,0
BRDA:206,31,1,0
BRDA:207,32,0,0
BRDA:207,32,1,0
BRDA:208,33,0,0
BRDA:208,33,1,0
BRDA:213,34,0,0
BRDA:213,34,1,0
BRDA:213,34,2,0
BRDA:216,35,0,0
BRDA:216,35,1,0
BRF:82
BRH:0
end_of_record
TN:
SF:app/components/Toggle/Toggle.tsx
FN:126,Toggle
FN:153,(anonymous_1)
FN:168,handlePress
FN:216,FieldLabel
FN:271,(anonymous_4)
FN:279,(anonymous_5)
FN:283,(anonymous_6)
FNF:7
FNH:0
FNDA:0,Toggle
FNDA:0,(anonymous_1)
FNDA:0,handlePress
FNDA:0,FieldLabel
FNDA:0,(anonymous_4)
FNDA:0,(anonymous_5)
FNDA:0,(anonymous_6)
DA:143,0
DA:148,0
DA:150,0
DA:152,0
DA:153,0
DA:157,0
DA:158,0
DA:159,0
DA:169,0
DA:170,0
DA:171,0
DA:174,0
DA:225,0
DA:230,0
DA:232,0
DA:234,0
DA:243,0
DA:255,0
DA:259,0
DA:271,0
DA:275,0
DA:279,0
DA:283,0
LF:23
LH:0
BRDA:128,0,0,0
BRDA:133,1,0,0
BRDA:150,2,0,0
BRDA:150,2,1,0
BRDA:150,2,2,0
BRDA:153,3,0,0
BRDA:153,3,1,0
BRDA:161,4,0,0
BRDA:161,4,1,0
BRDA:169,5,0,0
BRDA:169,5,1,0
BRDA:184,6,0,0
BRDA:184,6,1,0
BRDA:190,7,0,0
BRDA:190,7,1,0
BRDA:191,8,0,0
BRDA:191,8,1,0
BRDA:192,9,0,0
BRDA:192,9,1,0
BRDA:195,10,0,0
BRDA:195,10,1,0
BRDA:198,11,0,0
BRDA:198,11,1,0
BRDA:198,12,0,0
BRDA:198,12,1,0
BRDA:232,13,0,0
BRDA:232,13,1,0
BRDA:232,14,0,0
BRDA:232,14,1,0
BRDA:232,14,2,0
BRDA:236,15,0,0
BRDA:236,15,1,0
BRDA:237,16,0,0
BRDA:237,16,1,0
BRDA:238,17,0,0
BRDA:238,17,1,0
BRF:36
BRH:0
end_of_record
TN:
SF:app/context/AuthContext.tsx
FN:49,(anonymous_0)
FN:55,(anonymous_1)
FN:63,(anonymous_2)
FN:64,(anonymous_3)
FN:73,(anonymous_4)
FN:89,(anonymous_5)
FN:110,(anonymous_6)
FN:162,(anonymous_7)
FN:192,(anonymous_8)
FN:197,(anonymous_9)
FN:219,(anonymous_10)
FN:246,(anonymous_11)
FN:295,(anonymous_12)
FNF:13
FNH:0
FNDA:0,(anonymous_0)
FNDA:0,(anonymous_1)
FNDA:0,(anonymous_2)
FNDA:0,(anonymous_3)
FNDA:0,(anonymous_4)
FNDA:0,(anonymous_5)
FNDA:0,(anonymous_6)
FNDA:0,(anonymous_7)
FNDA:0,(anonymous_8)
FNDA:0,(anonymous_9)
FNDA:0,(anonymous_10)
FNDA:0,(anonymous_11)
FNDA:0,(anonymous_12)
DA:45,0
DA:49,0
DA:50,0
DA:51,0
DA:52,0
DA:53,0
DA:55,0
DA:56,0
DA:63,0
DA:64,0
DA:65,0
DA:66,0
DA:67,0
DA:70,0
DA:73,0
DA:74,0
DA:75,0
DA:76,0
DA:78,0
DA:81,0
DA:82,0
DA:83,0
DA:85,0
DA:89,0
DA:90,0
DA:91,0
DA:92,0
DA:94,0
DA:97,0
DA:98,0
DA:102,0
DA:103,0
DA:104,0
DA:106,0
DA:110,0
DA:111,0
DA:112,0
DA:113,0
DA:116,0
DA:119,0
DA:121,0
DA:122,0
DA:125,0
DA:126,0
DA:128,0
DA:129,0
DA:132,0
DA:133,0
DA:137,0
DA:138,0
DA:141,0
DA:142,0
DA:145,0
DA:146,0
DA:148,0
DA:153,0
DA:154,0
DA:156,0
DA:158,0
DA:162,0
DA:163,0
DA:164,0
DA:165,0
DA:168,0
DA:171,0
DA:174,0
DA:177,0
DA:180,0
DA:181,0
DA:184,0
DA:186,0
DA:188,0
DA:192,0
DA:193,0
DA:197,0
DA:198,0
DA:199,0
DA:200,0
DA:202,0
DA:203,0
DA:204,0
DA:207,0
DA:210,0
DA:211,0
DA:212,0
DA:214,0
DA:219,0
DA:220,0
DA:221,0
DA:222,0
DA:224,0
DA:225,0
DA:226,0
DA:229,0
DA:230,0
DA:231,0
DA:232,0
DA:234,0
DA:237,0
DA:238,0
DA:239,0
DA:241,0
DA:246,0
DA:247,0
DA:248,0
DA:249,0
DA:251,0
DA:252,0
DA:253,0
DA:256,0
DA:259,0
DA:262,0
DA:263,0
DA:264,0
DA:265,0
DA:268,0
DA:269,0
DA:270,0
DA:272,0
DA:276,0
DA:292,0
DA:295,0
DA:296,0
DA:297,0
DA:298,0
LF:125
LH:0
BRDA:66,0,0,0
BRDA:66,0,1,0
BRDA:81,1,0,0
BRDA:81,1,1,0
BRDA:97,2,0,0
BRDA:97,2,1,0
BRDA:97,3,0,0
BRDA:97,3,1,0
BRDA:102,4,0,0
BRDA:102,4,1,0
BRDA:121,5,0,0
BRDA:121,5,1,0
BRDA:125,6,0,0
BRDA:125,6,1,0
BRDA:128,7,0,0
BRDA:128,7,1,0
BRDA:137,8,0,0
BRDA:137,8,1,0
BRDA:138,9,0,0
BRDA:138,9,1,0
BRDA:138,9,2,0
BRDA:153,10,0,0
BRDA:153,10,1,0
BRDA:180,11,0,0
BRDA:180,11,1,0
BRDA:203,12,0,0
BRDA:203,12,1,0
BRDA:210,13,0,0
BRDA:210,13,1,0
BRDA:225,14,0,0
BRDA:225,14,1,0
BRDA:232,15,0,0
BRDA:232,15,1,0
BRDA:237,16,0,0
BRDA:237,16,1,0
BRDA:252,17,0,0
BRDA:252,17,1,0
BRDA:268,18,0,0
BRDA:268,18,1,0
BRDA:297,19,0,0
BRDA:297,19,1,0
BRF:41
BRH:0
end_of_record
TN:
SF:app/devtools/ReactotronClient.ts
FNF:0
FNH:0
LF:0
LH:0
BRF:0
BRH:0
end_of_record
TN:
SF:app/devtools/ReactotronClient.web.ts
FNF:0
FNH:0
LF:0
LH:0
BRF:0
BRH:0
end_of_record
TN:
SF:app/devtools/ReactotronConfig.ts
FN:19,(anonymous_0)
FN:54,(anonymous_1)
FN:64,(anonymous_2)
FN:72,(anonymous_3)
FN:91,(anonymous_4)
FNF:5
FNH:0
FNDA:0,(anonymous_0)
FNDA:0,(anonymous_1)
FNDA:0,(anonymous_2)
FNDA:0,(anonymous_3)
FNDA:0,(anonymous_4)
DA:17,0
DA:21,0
DA:25,0
DA:31,0
DA:32,0
DA:50,0
DA:55,0
DA:56,0
DA:60,0
DA:65,0
DA:66,0
DA:70,0
DA:73,0
DA:74,0
DA:75,0
DA:77,0
DA:79,0
DA:87,0
DA:92,0
DA:93,0
DA:114,0
DA:144,0
LF:22
LH:0
BRDA:31,0,0,0
BRDA:31,0,1,0
BRDA:73,1,0,0
BRDA:73,1,1,0
BRDA:74,2,0,0
BRDA:74,2,1,0
BRF:6
BRH:0
end_of_record
TN:
SF:app/hooks/useErrorHandler.ts
FN:26,useErrorHandler
FN:40,(anonymous_1)
FN:70,(anonymous_2)
FN:77,(anonymous_3)
FN:90,(anonymous_4)
FN:136,useAsyncOperation
FN:150,(anonymous_6)
FN:155,(anonymous_7)
FN:168,(anonymous_8)
FN:179,(anonymous_9)
FNF:10
FNH:0
FNDA:0,useErrorHandler
FNDA:0,(anonymous_1)
FNDA:0,(anonymous_2)
FNDA:0,(anonymous_3)
FNDA:0,(anonymous_4)
FNDA:0,useAsyncOperation
FNDA:0,(anonymous_6)
FNDA:0,(anonymous_7)
FNDA:0,(anonymous_8)
FNDA:0,(anonymous_9)
DA:33,0
DA:35,0
DA:36,0
DA:37,0
DA:38,0
DA:40,0
DA:44,0
DA:51,0
DA:53,0
DA:54,0
DA:55,0
DA:56,0
DA:59,0
DA:65,0
DA:66,0
DA:70,0
DA:71,0
DA:72,0
DA:73,0
DA:74,0
DA:77,0
DA:78,0
DA:79,0
DA:82,0
DA:83,0
DA:85,0
DA:86,0
DA:89,0
DA:90,0
DA:92,0
DA:95,0
DA:98,0
DA:99,0
DA:102,0
DA:106,0
DA:112,0
DA:116,0
DA:122,0
DA:143,0
DA:145,0
DA:146,0
DA:148,0
DA:150,0
DA:151,0
DA:154,0
DA:155,0
DA:158,0
DA:159,0
DA:160,0
DA:161,0
DA:162,0
DA:164,0
DA:167,0
DA:168,0
DA:169,0
DA:173,0
DA:175,0
DA:179,0
DA:180,0
DA:181,0
DA:183,0
DA:186,0
LF:62
LH:0
BRDA:26,0,0,0
BRDA:28,1,0,0
BRDA:29,2,0,0
BRDA:30,3,0,0
BRDA:78,4,0,0
BRDA:78,4,1,0
BRDA:78,5,0,0
BRDA:78,5,1,0
BRDA:78,5,2,0
BRDA:98,6,0,0
BRDA:98,6,1,0
BRDA:98,7,0,0
BRDA:98,7,1,0
BRDA:117,8,0,0
BRDA:117,8,1,0
BRDA:117,8,2,0
BRDA:138,9,0,0
BRDA:143,10,0,0
BRDA:143,11,0,0
BRDA:154,12,0,0
BRDA:154,12,1,0
BRDA:167,13,0,0
BRDA:167,13,1,0
BRDA:167,14,0,0
BRDA:167,14,1,0
BRDA:180,15,0,0
BRDA:180,15,1,0
BRF:27
BRH:0
end_of_record
TN:
SF:app/i18n/ar.ts
FNF:0
FNH:0
DA:3,0
LF:1
LH:0
BRF:0
BRH:0
end_of_record
TN:
SF:app/i18n/en.ts
FNF:0
FNH:0
DA:1,0
LF:1
LH:0
BRF:0
BRH:0
end_of_record
TN:
SF:app/i18n/es.ts
FNF:0
FNH:0
DA:3,0
LF:1
LH:0
BRF:0
BRH:0
end_of_record
TN:
SF:app/i18n/fr.ts
FNF:0
FNH:0
DA:3,0
LF:1
LH:0
BRF:0
BRH:0
end_of_record
TN:
SF:app/i18n/hi.ts
FNF:0
FNH:0
DA:3,0
LF:1
LH:0
BRF:0
BRH:0
end_of_record
TN:
SF:app/i18n/ja.ts
FNF:0
FNH:0
DA:3,0
LF:1
LH:0
BRF:0
BRH:0
end_of_record
TN:
SF:app/i18n/ko.ts
FNF:0
FNH:0
DA:3,0
LF:1
LH:0
BRF:0
BRH:0
end_of_record
TN:
SF:app/i18n/translate.ts
FN:28,translate
FNF:1
FNH:0
FNDA:0,translate
DA:29,0
DA:30,0
DA:32,0
LF:3
LH:0
BRDA:29,0,0,0
BRDA:29,0,1,0
BRF:2
BRH:0
end_of_record
TN:
SF:app/navigators/AppNavigator.tsx
FN:53,(anonymous_0)
FN:60,(anonymous_1)
FN:99,(anonymous_2)
FN:102,(anonymous_3)
FNF:4
FNH:0
FNDA:0,(anonymous_0)
FNDA:0,(anonymous_1)
FNDA:0,(anonymous_2)
FNDA:0,(anonymous_3)
DA:43,0
DA:51,0
DA:53,0
DA:56,0
DA:57,0
DA:60,0
DA:61,0
DA:62,0
DA:65,0
DA:68,0
DA:99,0
DA:100,0
DA:102,0
DA:104,0
LF:14
LH:0
BRDA:61,0,0,0
BRDA:61,0,1,0
BRDA:79,1,0,0
BRDA:79,1,1,0
BRF:4
BRH:0
end_of_record
TN:
SF:app/navigators/BulletinBoardStackNavigator.tsx
FN:33,BulletinBoardStackNavigator
FNF:1
FNH:0
FNDA:0,BulletinBoardStackNavigator
DA:27,0
DA:36,0
DA:38,0
LF:3
LH:0
BRF:0
BRH:0
end_of_record
TN:
SF:app/navigators/HomeStackNavigator.tsx
FN:30,HomeStackNavigator
FNF:1
FNH:0
FNDA:0,HomeStackNavigator
DA:24,0
DA:33,0
DA:35,0
LF:3
LH:0
BRF:0
BRH:0
end_of_record
TN:
SF:app/navigators/MainNavigator.tsx
FN:41,MainNavigator
FN:66,(anonymous_1)
FN:77,(anonymous_2)
FN:88,(anonymous_3)
FN:97,(anonymous_4)
FN:102,(anonymous_5)
FN:106,(anonymous_6)
FNF:7
FNH:0
FNDA:0,MainNavigator
FNDA:0,(anonymous_1)
FNDA:0,(anonymous_2)
FNDA:0,(anonymous_3)
FNDA:0,(anonymous_4)
FNDA:0,(anonymous_5)
FNDA:0,(anonymous_6)
DA:32,0
DA:42,0
DA:46,0
DA:48,0
DA:67,0
DA:78,0
DA:89,0
DA:97,0
DA:102,0
DA:106,0
LF:10
LH:0
BRDA:67,0,0,0
BRDA:67,0,1,0
BRDA:78,1,0,0
BRDA:78,1,1,0
BRDA:89,2,0,0
BRDA:89,2,1,0
BRF:6
BRH:0
end_of_record
TN:
SF:app/navigators/navigationUtilities.ts
FN:35,getActiveRouteName
FN:45,(anonymous_1)
FN:54,useBackButtonHandler
FN:59,(anonymous_3)
FN:63,(anonymous_4)
FN:65,(anonymous_5)
FN:93,(anonymous_6)
FN:103,navigationRestoredDefaultState
FN:118,useNavigationPersistence
FN:128,(anonymous_9)
FN:148,(anonymous_10)
FN:162,(anonymous_11)
FN:178,navigate
FN:191,goBack
FN:202,resetRoot
FNF:15
FNH:0
FNDA:0,getActiveRouteName
FNDA:0,(anonymous_1)
FNDA:0,useBackButtonHandler
FNDA:0,(anonymous_3)
FNDA:0,(anonymous_4)
FNDA:0,(anonymous_5)
FNDA:0,(anonymous_6)
FNDA:0,navigationRestoredDefaultState
FNDA:0,useNavigationPersistence
FNDA:0,(anonymous_9)
FNDA:0,(anonymous_10)
FNDA:0,(anonymous_11)
FNDA:0,navigate
FNDA:0,goBack
FNDA:0,resetRoot
DA:28,0
DA:36,0
DA:39,0
DA:42,0
DA:45,0
DA:57,0
DA:59,0
DA:60,0
DA:63,0
DA:65,0
DA:66,0
DA:67,0
DA:71,0
DA:74,0
DA:76,0
DA:77,0
DA:81,0
DA:82,0
DA:83,0
DA:86,0
DA:90,0
DA:93,0
DA:104,0
DA:105,0
DA:106,0
DA:109,0
DA:120,0
DA:121,0
DA:123,0
DA:124,0
DA:126,0
DA:128,0
DA:129,0
DA:130,0
DA:131,0
DA:133,0
DA:135,0
DA:136,0
DA:141,0
DA:144,0
DA:148,0
DA:149,0
DA:150,0
DA:153,0
DA:154,0
DA:155,0
DA:158,0
DA:162,0
DA:163,0
DA:168,0
DA:179,0
DA:181,0
DA:192,0
DA:193,0
DA:205,0
DA:206,0
LF:56
LH:0
BRDA:36,0,0,0
BRDA:36,0,1,0
BRDA:39,1,0,0
BRDA:39,1,1,0
BRDA:57,2,0,0
BRDA:57,2,1,0
BRDA:66,3,0,0
BRDA:66,3,1,0
BRDA:74,4,0,0
BRDA:74,4,1,0
BRDA:81,5,0,0
BRDA:81,5,1,0
BRDA:104,6,0,0
BRDA:104,6,1,0
BRDA:105,7,0,0
BRDA:105,7,1,0
BRDA:105,8,0,0
BRDA:105,8,1,0
BRDA:106,9,0,0
BRDA:106,9,1,0
BRDA:106,10,0,0
BRDA:106,10,1,0
BRDA:130,11,0,0
BRDA:130,11,1,0
BRDA:133,12,0,0
BRDA:133,12,1,0
BRDA:135,13,0,0
BRDA:135,13,1,0
BRDA:153,14,0,0
BRDA:153,14,1,0
BRDA:155,15,0,0
BRDA:155,15,1,0
BRDA:158,16,0,0
BRDA:158,16,1,0
BRDA:163,17,0,0
BRDA:163,17,1,0
BRDA:179,18,0,0
BRDA:179,18,1,0
BRDA:192,19,0,0
BRDA:192,19,1,0
BRDA:192,20,0,0
BRDA:192,20,1,0
BRDA:203,21,0,0
BRDA:205,22,0,0
BRDA:205,22,1,0
BRF:45
BRH:0
end_of_record
TN:
SF:app/screens/BulletinBoardScreen.tsx
FN:26,(anonymous_0)
FN:47,(anonymous_1)
FN:55,(anonymous_2)
FN:59,(anonymous_3)
FN:70,(anonymous_4)
FN:73,(anonymous_5)
FN:84,(anonymous_6)
FN:89,(anonymous_7)
FN:97,(anonymous_8)
FN:100,(anonymous_9)
FN:112,(anonymous_10)
FN:116,(anonymous_11)
FN:133,(anonymous_12)
FN:143,(anonymous_13)
FN:150,(anonymous_14)
FN:155,(anonymous_15)
FN:161,(anonymous_16)
FN:490,(anonymous_17)
FN:514,(anonymous_18)
FN:523,(anonymous_19)
FN:561,(anonymous_20)
FN:568,(anonymous_21)
FN:582,(anonymous_22)
FN:600,(anonymous_23)
FN:607,(anonymous_24)
FN:622,(anonymous_25)
FN:627,(anonymous_26)
FN:629,(anonymous_27)
FN:634,(anonymous_28)
FN:639,(anonymous_29)
FN:673,(anonymous_30)
FN:678,(anonymous_31)
FN:680,(anonymous_32)
FN:685,(anonymous_33)
FN:714,(anonymous_34)
FN:731,(anonymous_35)
FN:733,(anonymous_36)
FN:743,(anonymous_37)
FN:747,(anonymous_38)
FN:754,(anonymous_39)
FN:762,(anonymous_40)
FN:777,(anonymous_41)
FN:785,(anonymous_42)
FN:799,(anonymous_43)
FN:807,(anonymous_44)
FN:815,(anonymous_45)
FN:819,(anonymous_46)
FN:826,(anonymous_47)
FN:832,(anonymous_48)
FN:839,(anonymous_49)
FN:853,(anonymous_50)
FN:859,(anonymous_51)
FN:868,(anonymous_52)
FN:875,(anonymous_53)
FN:882,(anonymous_54)
FN:889,(anonymous_55)
FN:897,(anonymous_56)
FN:903,(anonymous_57)
FN:909,(anonymous_58)
FN:916,(anonymous_59)
FN:922,(anonymous_60)
FN:926,(anonymous_61)
FN:932,(anonymous_62)
FN:937,(anonymous_63)
FN:943,(anonymous_64)
FN:952,(anonymous_65)
FN:958,(anonymous_66)
FN:963,(anonymous_67)
FN:973,(anonymous_68)
FN:978,(anonymous_69)
FN:985,(anonymous_70)
FN:991,(anonymous_71)
FN:996,(anonymous_72)
FN:1004,(anonymous_73)
FN:1012,(anonymous_74)
FN:1021,(anonymous_75)
FN:1027,(anonymous_76)
FN:1034,(anonymous_77)
FN:1043,(anonymous_78)
FN:1050,(anonymous_79)
FN:1056,(anonymous_80)
FN:1063,(anonymous_81)
FN:1069,(anonymous_82)
FN:1076,(anonymous_83)
FN:1083,(anonymous_84)
FN:1088,(anonymous_85)
FN:1094,(anonymous_86)
FN:1098,(anonymous_87)
FNF:88
FNH:0
FNDA:0,(anonymous_0)
FNDA:0,(anonymous_1)
FNDA:0,(anonymous_2)
FNDA:0,(anonymous_3)
FNDA:0,(anonymous_4)
FNDA:0,(anonymous_5)
FNDA:0,(anonymous_6)
FNDA:0,(anonymous_7)
FNDA:0,(anonymous_8)
FNDA:0,(anonymous_9)
FNDA:0,(anonymous_10)
FNDA:0,(anonymous_11)
FNDA:0,(anonymous_12)
FNDA:0,(anonymous_13)
FNDA:0,(anonymous_14)
FNDA:0,(anonymous_15)
FNDA:0,(anonymous_16)
FNDA:0,(anonymous_17)
FNDA:0,(anonymous_18)
FNDA:0,(anonymous_19)
FNDA:0,(anonymous_20)
FNDA:0,(anonymous_21)
FNDA:0,(anonymous_22)
FNDA:0,(anonymous_23)
FNDA:0,(anonymous_24)
FNDA:0,(anonymous_25)
FNDA:0,(anonymous_26)
FNDA:0,(anonymous_27)
FNDA:0,(anonymous_28)
FNDA:0,(anonymous_29)
FNDA:0,(anonymous_30)
FNDA:0,(anonymous_31)
FNDA:0,(anonymous_32)
FNDA:0,(anonymous_33)
FNDA:0,(anonymous_34)
FNDA:0,(anonymous_35)
FNDA:0,(anonymous_36)
FNDA:0,(anonymous_37)
FNDA:0,(anonymous_38)
FNDA:0,(anonymous_39)
FNDA:0,(anonymous_40)
FNDA:0,(anonymous_41)
FNDA:0,(anonymous_42)
FNDA:0,(anonymous_43)
FNDA:0,(anonymous_44)
FNDA:0,(anonymous_45)
FNDA:0,(anonymous_46)
FNDA:0,(anonymous_47)
FNDA:0,(anonymous_48)
FNDA:0,(anonymous_49)
FNDA:0,(anonymous_50)
FNDA:0,(anonymous_51)
FNDA:0,(anonymous_52)
FNDA:0,(anonymous_53)
FNDA:0,(anonymous_54)
FNDA:0,(anonymous_55)
FNDA:0,(anonymous_56)
FNDA:0,(anonymous_57)
FNDA:0,(anonymous_58)
FNDA:0,(anonymous_59)
FNDA:0,(anonymous_60)
FNDA:0,(anonymous_61)
FNDA:0,(anonymous_62)
FNDA:0,(anonymous_63)
FNDA:0,(anonymous_64)
FNDA:0,(anonymous_65)
FNDA:0,(anonymous_66)
FNDA:0,(anonymous_67)
FNDA:0,(anonymous_68)
FNDA:0,(anonymous_69)
FNDA:0,(anonymous_70)
FNDA:0,(anonymous_71)
FNDA:0,(anonymous_72)
FNDA:0,(anonymous_73)
FNDA:0,(anonymous_74)
FNDA:0,(anonymous_75)
FNDA:0,(anonymous_76)
FNDA:0,(anonymous_77)
FNDA:0,(anonymous_78)
FNDA:0,(anonymous_79)
FNDA:0,(anonymous_80)
FNDA:0,(anonymous_81)
FNDA:0,(anonymous_82)
FNDA:0,(anonymous_83)
FNDA:0,(anonymous_84)
FNDA:0,(anonymous_85)
FNDA:0,(anonymous_86)
FNDA:0,(anonymous_87)
DA:26,0
DA:27,0
DA:28,0
DA:32,0
DA:35,0
DA:37,0
DA:38,0
DA:39,0
DA:40,0
DA:41,0
DA:42,0
DA:43,0
DA:44,0
DA:47,0
DA:48,0
DA:51,0
DA:52,0
DA:55,0
DA:57,0
DA:58,0
DA:59,0
DA:60,0
DA:61,0
DA:64,0
DA:65,0
DA:69,0
DA:70,0
DA:71,0
DA:72,0
DA:73,0
DA:75,0
DA:76,0
DA:77,0
DA:79,0
DA:83,0
DA:84,0
DA:85,0
DA:86,0
DA:89,0
DA:90,0
DA:91,0
DA:92,0
DA:97,0
DA:98,0
DA:99,0
DA:100,0
DA:101,0
DA:102,0
DA:105,0
DA:107,0
DA:108,0
DA:112,0
DA:113,0
DA:116,0
DA:118,0
DA:119,0
DA:120,0
DA:121,0
DA:123,0
DA:124,0
DA:125,0
DA:126,0
DA:129,0
DA:130,0
DA:133,0
DA:134,0
DA:139,0
DA:140,0
DA:143,0
DA:144,0
DA:145,0
DA:147,0
DA:150,0
DA:151,0
DA:152,0
DA:155,0
DA:156,0
DA:161,0
DA:162,0
DA:163,0
DA:165,0
DA:166,0
DA:169,0
DA:170,0
DA:173,0
DA:189,0
DA:190,0
DA:193,0
DA:212,0
DA:213,0
DA:216,0
DA:234,0
DA:235,0
DA:238,0
DA:317,0
DA:318,0
DA:319,0
DA:329,0
DA:401,0
DA:402,0
DA:403,0
DA:413,0
DA:414,0
DA:415,0
DA:417,0
DA:419,0
DA:420,0
DA:425,0
DA:429,0
DA:432,0
DA:441,0
DA:449,0
DA:456,0
DA:457,0
DA:458,0
DA:474,0
DA:490,0
DA:514,0
DA:524,0
DA:526,0
DA:562,0
DA:568,0
DA:583,0
DA:601,0
DA:607,0
DA:622,0
DA:627,0
DA:629,0
DA:630,0
DA:634,0
DA:635,0
DA:639,0
DA:640,0
DA:644,0
DA:673,0
DA:678,0
DA:680,0
DA:681,0
DA:685,0
DA:686,0
DA:690,0
DA:715,0
DA:731,0
DA:732,0
DA:734,0
DA:741,0
DA:743,0
DA:747,0
DA:754,0
DA:758,0
DA:762,0
DA:777,0
DA:785,0
DA:795,0
DA:799,0
DA:807,0
DA:815,0
DA:819,0
DA:826,0
DA:832,0
DA:839,0
DA:849,0
DA:853,0
DA:859,0
DA:868,0
DA:875,0
DA:882,0
DA:889,0
DA:897,0
DA:903,0
DA:909,0
DA:916,0
DA:922,0
DA:926,0
DA:932,0
DA:937,0
DA:943,0
DA:952,0
DA:958,0
DA:963,0
DA:973,0
DA:978,0
DA:985,0
DA:991,0
DA:996,0
DA:1004,0
DA:1012,0
DA:1021,0
DA:1027,0
DA:1034,0
DA:1043,0
DA:1050,0
DA:1056,0
DA:1063,0
DA:1069,0
DA:1076,0
DA:1083,0
DA:1088,0
DA:1094,0
DA:1098,0
LF:200
LH:0
BRDA:57,0,0,0
BRDA:57,0,1,0
BRDA:60,1,0,0
BRDA:60,1,1,0
BRDA:98,2,0,0
BRDA:98,2,1,0
BRDA:123,3,0,0
BRDA:123,3,1,0
BRDA:144,4,0,0
BRDA:144,4,1,0
BRDA:166,5,0,0
BRDA:166,5,1,0
BRDA:170,6,0,0
BRDA:170,6,1,0
BRDA:321,7,0,0
BRDA:321,7,1,0
BRDA:405,8,0,0
BRDA:405,8,1,0
BRDA:435,9,0,0
BRDA:435,9,1,0
BRDA:446,10,0,0
BRDA:446,10,1,0
BRDA:451,11,0,0
BRDA:451,11,1,0
BRDA:456,12,0,0
BRDA:456,12,1,0
BRDA:456,13,0,0
BRDA:456,13,1,0
BRDA:460,14,0,0
BRDA:460,14,1,0
BRDA:477,15,0,0
BRDA:477,15,1,0
BRDA:481,16,0,0
BRDA:481,16,1,0
BRDA:489,17,0,0
BRDA:489,17,1,0
BRDA:490,18,0,0
BRDA:490,18,1,0
BRDA:510,19,0,0
BRDA:510,19,1,0
BRDA:513,20,0,0
BRDA:513,20,1,0
BRDA:518,21,0,0
BRDA:518,21,1,0
BRDA:522,22,0,0
BRDA:522,22,1,0
BRDA:531,23,0,0
BRDA:531,23,1,0
BRDA:539,24,0,0
BRDA:539,24,1,0
BRDA:540,25,0,0
BRDA:540,25,1,0
BRDA:576,26,0,0
BRDA:576,26,1,0
BRDA:589,27,0,0
BRDA:589,27,1,0
BRDA:630,28,0,0
BRDA:630,28,1,0
BRDA:635,29,0,0
BRDA:635,29,1,0
BRDA:640,30,0,0
BRDA:640,30,1,0
BRDA:665,31,0,0
BRDA:665,31,1,0
BRDA:665,31,2,0
BRDA:681,32,0,0
BRDA:681,32,1,0
BRDA:686,33,0,0
BRDA:686,33,1,0
BRDA:686,34,0,0
BRDA:686,34,1,0
BRDA:698,35,0,0
BRDA:698,35,1,0
BRDA:712,36,0,0
BRDA:712,36,1,0
BRDA:719,37,0,0
BRDA:719,37,1,0
BRDA:744,38,0,0
BRDA:744,38,1,0
BRDA:751,39,0,0
BRDA:751,39,1,0
BRDA:781,40,0,0
BRDA:781,40,1,0
BRDA:782,41,0,0
BRDA:782,41,1,0
BRDA:792,42,0,0
BRDA:792,42,1,0
BRDA:804,43,0,0
BRDA:804,43,1,0
BRDA:812,44,0,0
BRDA:812,44,1,0
BRDA:816,45,0,0
BRDA:816,45,1,0
BRDA:822,46,0,0
BRDA:822,46,1,0
BRDA:823,47,0,0
BRDA:823,47,1,0
BRDA:836,48,0,0
BRDA:836,48,1,0
BRDA:846,49,0,0
BRDA:846,49,1,0
BRDA:862,50,0,0
BRDA:862,50,1,0
BRDA:863,51,0,0
BRDA:863,51,1,0
BRDA:872,52,0,0
BRDA:872,52,1,0
BRDA:878,53,0,0
BRDA:878,53,1,0
BRDA:883,54,0,0
BRDA:883,54,1,0
BRDA:890,55,0,0
BRDA:890,55,1,0
BRDA:913,56,0,0
BRDA:913,56,1,0
BRDA:919,57,0,0
BRDA:919,57,1,0
BRDA:923,58,0,0
BRDA:923,58,1,0
BRDA:940,59,0,0
BRDA:940,59,1,0
BRDA:945,60,0,0
BRDA:945,60,1,0
BRDA:948,61,0,0
BRDA:948,61,1,0
BRDA:970,62,0,0
BRDA:970,62,1,0
BRDA:992,63,0,0
BRDA:992,63,1,0
BRDA:1001,64,0,0
BRDA:1001,64,1,0
BRDA:1006,65,0,0
BRDA:1006,65,1,0
BRDA:1007,66,0,0
BRDA:1007,66,1,0
BRDA:1014,67,0,0
BRDA:1014,67,1,0
BRDA:1015,68,0,0
BRDA:1015,68,1,0
BRDA:1037,69,0,0
BRDA:1037,69,1,0
BRDA:1038,70,0,0
BRDA:1038,70,1,0
BRDA:1047,71,0,0
BRDA:1047,71,1,0
BRDA:1053,72,0,0
BRDA:1053,72,1,0
BRDA:1058,73,0,0
BRDA:1058,73,1,0
BRDA:1073,74,0,0
BRDA:1073,74,1,0
BRDA:1080,75,0,0
BRDA:1080,75,1,0
BRDA:1095,76,0,0
BRDA:1095,76,1,0
BRDA:1100,77,0,0
BRDA:1100,77,1,0
BRDA:1101,78,0,0
BRDA:1101,78,1,0
BRF:159
BRH:0
end_of_record
TN:
SF:app/screens/CreateOrganizationScreen.tsx
FN:21,(anonymous_0)
FN:51,(anonymous_1)
FN:58,(anonymous_2)
FN:64,(anonymous_3)
FN:71,(anonymous_4)
FN:98,(anonymous_5)
FN:123,(anonymous_6)
FN:153,(anonymous_7)
FN:156,(anonymous_8)
FN:164,(anonymous_9)
FN:165,(anonymous_10)
FN:167,(anonymous_11)
FN:171,(anonymous_12)
FN:209,(anonymous_13)
FN:209,(anonymous_14)
FN:217,(anonymous_15)
FN:217,(anonymous_16)
FN:227,(anonymous_17)
FN:227,(anonymous_18)
FN:237,(anonymous_19)
FN:237,(anonymous_20)
FN:245,(anonymous_21)
FN:245,(anonymous_22)
FN:254,(anonymous_23)
FN:254,(anonymous_24)
FN:262,(anonymous_25)
FN:262,(anonymous_26)
FN:287,(anonymous_27)
FN:291,(anonymous_28)
FN:315,(anonymous_29)
FN:319,(anonymous_30)
FN:326,(anonymous_31)
FN:332,(anonymous_32)
FN:339,(anonymous_33)
FN:343,(anonymous_34)
FN:347,(anonymous_35)
FN:354,(anonymous_36)
FN:360,(anonymous_37)
FN:364,(anonymous_38)
FN:371,(anonymous_39)
FN:377,(anonymous_40)
FN:381,(anonymous_41)
FN:388,(anonymous_42)
FN:393,(anonymous_43)
FN:400,(anonymous_44)
FN:409,(anonymous_45)
FN:415,(anonymous_46)
FN:424,(anonymous_47)
FN:430,(anonymous_48)
FNF:49
FNH:0
FNDA:0,(anonymous_0)
FNDA:0,(anonymous_1)
FNDA:0,(anonymous_2)
FNDA:0,(anonymous_3)
FNDA:0,(anonymous_4)
FNDA:0,(anonymous_5)
FNDA:0,(anonymous_6)
FNDA:0,(anonymous_7)
FNDA:0,(anonymous_8)
FNDA:0,(anonymous_9)
FNDA:0,(anonymous_10)
FNDA:0,(anonymous_11)
FNDA:0,(anonymous_12)
FNDA:0,(anonymous_13)
FNDA:0,(anonymous_14)
FNDA:0,(anonymous_15)
FNDA:0,(anonymous_16)
FNDA:0,(anonymous_17)
FNDA:0,(anonymous_18)
FNDA:0,(anonymous_19)
FNDA:0,(anonymous_20)
FNDA:0,(anonymous_21)
FNDA:0,(anonymous_22)
FNDA:0,(anonymous_23)
FNDA:0,(anonymous_24)
FNDA:0,(anonymous_25)
FNDA:0,(anonymous_26)
FNDA:0,(anonymous_27)
FNDA:0,(anonymous_28)
FNDA:0,(anonymous_29)
FNDA:0,(anonymous_30)
FNDA:0,(anonymous_31)
FNDA:0,(anonymous_32)
FNDA:0,(anonymous_33)
FNDA:0,(anonymous_34)
FNDA:0,(anonymous_35)
FNDA:0,(anonymous_36)
FNDA:0,(anonymous_37)
FNDA:0,(anonymous_38)
FNDA:0,(anonymous_39)
FNDA:0,(anonymous_40)
FNDA:0,(anonymous_41)
FNDA:0,(anonymous_42)
FNDA:0,(anonymous_43)
FNDA:0,(anonymous_44)
FNDA:0,(anonymous_45)
FNDA:0,(anonymous_46)
FNDA:0,(anonymous_47)
FNDA:0,(anonymous_48)
DA:21,0
DA:22,0
DA:23,0
DA:24,0
DA:28,0
DA:30,0
DA:32,0
DA:33,0
DA:37,0
DA:48,0
DA:51,0
DA:52,0
DA:53,0
DA:54,0
DA:58,0
DA:59,0
DA:60,0
DA:61,0
DA:63,0
DA:64,0
DA:67,0
DA:71,0
DA:72,0
DA:74,0
DA:75,0
DA:76,0
DA:78,0
DA:79,0
DA:91,0
DA:92,0
DA:94,0
DA:98,0
DA:99,0
DA:101,0
DA:102,0
DA:105,0
DA:106,0
DA:109,0
DA:110,0
DA:111,0
DA:112,0
DA:115,0
DA:116,0
DA:120,0
DA:123,0
DA:124,0
DA:125,0
DA:128,0
DA:129,0
DA:130,0
DA:133,0
DA:136,0
DA:137,0
DA:138,0
DA:140,0
DA:141,0
DA:144,0
DA:146,0
DA:147,0
DA:153,0
DA:154,0
DA:155,0
DA:156,0
DA:160,0
DA:164,0
DA:165,0
DA:167,0
DA:171,0
DA:172,0
DA:175,0
DA:176,0
DA:187,0
DA:209,0
DA:217,0
DA:227,0
DA:237,0
DA:245,0
DA:254,0
DA:262,0
DA:288,0
DA:291,0
DA:315,0
DA:319,0
DA:326,0
DA:332,0
DA:339,0
DA:343,0
DA:347,0
DA:354,0
DA:360,0
DA:364,0
DA:371,0
DA:377,0
DA:381,0
DA:388,0
DA:393,0
DA:400,0
DA:409,0
DA:415,0
DA:424,0
DA:430,0
LF:101
LH:0
BRDA:30,0,0,0
BRDA:30,1,0,0
BRDA:30,1,1,0
BRDA:53,2,0,0
BRDA:53,2,1,0
BRDA:53,3,0,0
BRDA:53,3,1,0
BRDA:63,4,0,0
BRDA:63,4,1,0
BRDA:72,5,0,0
BRDA:72,5,1,0
BRDA:78,6,0,0
BRDA:78,6,1,0
BRDA:83,7,0,0
BRDA:83,7,1,0
BRDA:84,8,0,0
BRDA:84,8,1,0
BRDA:86,9,0,0
BRDA:86,9,1,0
BRDA:101,10,0,0
BRDA:101,10,1,0
BRDA:105,11,0,0
BRDA:105,11,1,0
BRDA:109,12,0,0
BRDA:109,12,1,0
BRDA:111,13,0,0
BRDA:111,13,1,0
BRDA:115,14,0,0
BRDA:115,14,1,0
BRDA:124,15,0,0
BRDA:124,15,1,0
BRDA:128,16,0,0
BRDA:128,16,1,0
BRDA:136,17,0,0
BRDA:136,17,1,0
BRDA:136,18,0,0
BRDA:136,18,1,0
BRDA:147,19,0,0
BRDA:147,19,1,0
BRDA:155,20,0,0
BRDA:155,20,1,0
BRDA:155,21,0,0
BRDA:155,21,1,0
BRDA:175,22,0,0
BRDA:175,22,1,0
BRDA:178,23,0,0
BRDA:178,23,1,0
BRDA:189,24,0,0
BRDA:189,24,1,0
BRDA:200,25,0,0
BRDA:200,25,1,0
BRDA:236,26,0,0
BRDA:236,26,1,0
BRDA:244,27,0,0
BRDA:244,27,1,0
BRDA:261,28,0,0
BRDA:261,28,1,0
BRDA:285,29,0,0
BRDA:285,29,1,0
BRDA:304,30,0,0
BRDA:304,30,1,0
BRDA:316,31,0,0
BRDA:316,31,1,0
BRDA:323,32,0,0
BRDA:323,32,1,0
BRDA:333,33,0,0
BRDA:333,33,1,0
BRDA:344,34,0,0
BRDA:344,34,1,0
BRDA:351,35,0,0
BRDA:351,35,1,0
BRDA:361,36,0,0
BRDA:361,36,1,0
BRDA:368,37,0,0
BRDA:368,37,1,0
BRDA:374,38,0,0
BRDA:374,38,1,0
BRDA:383,39,0,0
BRDA:383,39,1,0
BRDA:384,40,0,0
BRDA:384,40,1,0
BRDA:396,41,0,0
BRDA:396,41,1,0
BRDA:397,42,0,0
BRDA:397,42,1,0
BRDA:404,43,0,0
BRDA:404,43,1,0
BRDA:432,44,0,0
BRDA:432,44,1,0
BRF:89
BRH:0
end_of_record
TN:
SF:app/screens/CreatePostScreen.tsx
FN:21,(anonymous_0)
FN:49,(anonymous_1)
FN:51,(anonymous_2)
FN:71,(anonymous_3)
FN:78,(anonymous_4)
FN:79,(anonymous_5)
FN:117,(anonymous_6)
FN:133,(anonymous_7)
FN:159,(anonymous_8)
FN:196,(anonymous_9)
FN:197,(anonymous_10)
FN:249,(anonymous_11)
FN:251,(anonymous_12)
FN:283,(anonymous_13)
FN:284,(anonymous_14)
FN:326,(anonymous_15)
FN:349,(anonymous_16)
FN:361,(anonymous_17)
FN:382,(anonymous_18)
FN:394,(anonymous_19)
FN:406,(anonymous_20)
FN:421,(anonymous_21)
FN:433,(anonymous_22)
FN:442,(anonymous_23)
FN:466,(anonymous_24)
FN:472,(anonymous_25)
FN:483,(anonymous_26)
FN:488,(anonymous_27)
FN:495,(anonymous_28)
FN:509,(anonymous_29)
FN:514,(anonymous_30)
FN:524,(anonymous_31)
FN:529,(anonymous_32)
FN:534,(anonymous_33)
FN:539,(anonymous_34)
FN:544,(anonymous_35)
FN:549,(anonymous_36)
FN:558,(anonymous_37)
FN:565,(anonymous_38)
FN:572,(anonymous_39)
FN:577,(anonymous_40)
FN:586,(anonymous_41)
FN:592,(anonymous_42)
FNF:43
FNH:0
FNDA:0,(anonymous_0)
FNDA:0,(anonymous_1)
FNDA:0,(anonymous_2)
FNDA:0,(anonymous_3)
FNDA:0,(anonymous_4)
FNDA:0,(anonymous_5)
FNDA:0,(anonymous_6)
FNDA:0,(anonymous_7)
FNDA:0,(anonymous_8)
FNDA:0,(anonymous_9)
FNDA:0,(anonymous_10)
FNDA:0,(anonymous_11)
FNDA:0,(anonymous_12)
FNDA:0,(anonymous_13)
FNDA:0,(anonymous_14)
FNDA:0,(anonymous_15)
FNDA:0,(anonymous_16)
FNDA:0,(anonymous_17)
FNDA:0,(anonymous_18)
FNDA:0,(anonymous_19)
FNDA:0,(anonymous_20)
FNDA:0,(anonymous_21)
FNDA:0,(anonymous_22)
FNDA:0,(anonymous_23)
FNDA:0,(anonymous_24)
FNDA:0,(anonymous_25)
FNDA:0,(anonymous_26)
FNDA:0,(anonymous_27)
FNDA:0,(anonymous_28)
FNDA:0,(anonymous_29)
FNDA:0,(anonymous_30)
FNDA:0,(anonymous_31)
FNDA:0,(anonymous_32)
FNDA:0,(anonymous_33)
FNDA:0,(anonymous_34)
FNDA:0,(anonymous_35)
FNDA:0,(anonymous_36)
FNDA:0,(anonymous_37)
FNDA:0,(anonymous_38)
FNDA:0,(anonymous_39)
FNDA:0,(anonymous_40)
FNDA:0,(anonymous_41)
FNDA:0,(anonymous_42)
DA:21,0
DA:22,0
DA:24,0
DA:25,0
DA:26,0
DA:27,0
DA:29,0
DA:34,0
DA:36,0
DA:37,0
DA:38,0
DA:49,0
DA:51,0
DA:52,0
DA:53,0
DA:55,0
DA:65,0
DA:66,0
DA:69,0
DA:70,0
DA:71,0
DA:78,0
DA:79,0
DA:84,0
DA:85,0
DA:86,0
DA:88,0
DA:89,0
DA:94,0
DA:98,0
DA:99,0
DA:101,0
DA:104,0
DA:105,0
DA:109,0
DA:110,0
DA:113,0
DA:116,0
DA:117,0
DA:123,0
DA:124,0
DA:125,0
DA:129,0
DA:132,0
DA:133,0
DA:134,0
DA:135,0
DA:136,0
DA:137,0
DA:149,0
DA:150,0
DA:151,0
DA:155,0
DA:159,0
DA:161,0
DA:162,0
DA:163,0
DA:165,0
DA:166,0
DA:167,0
DA:169,0
DA:170,0
DA:171,0
DA:173,0
DA:174,0
DA:175,0
DA:177,0
DA:178,0
DA:179,0
DA:181,0
DA:182,0
DA:183,0
DA:186,0
DA:187,0
DA:188,0
DA:191,0
DA:193,0
DA:194,0
DA:196,0
DA:197,0
DA:199,0
DA:201,0
DA:212,0
DA:213,0
DA:216,0
DA:227,0
DA:238,0
DA:245,0
DA:247,0
DA:248,0
DA:249,0
DA:251,0
DA:257,0
DA:258,0
DA:259,0
DA:261,0
DA:262,0
DA:265,0
DA:266,0
DA:269,0
DA:270,0
DA:271,0
DA:274,0
DA:276,0
DA:277,0
DA:279,0
DA:283,0
DA:284,0
DA:290,0
DA:300,0
DA:301,0
DA:302,0
DA:315,0
DA:316,0
DA:317,0
DA:326,0
DA:335,0
DA:336,0
DA:338,0
DA:349,0
DA:361,0
DA:382,0
DA:394,0
DA:406,0
DA:421,0
DA:433,0
DA:442,0
DA:466,0
DA:472,0
DA:477,0
DA:483,0
DA:488,0
DA:495,0
DA:505,0
DA:509,0
DA:514,0
DA:524,0
DA:529,0
DA:534,0
DA:539,0
DA:544,0
DA:549,0
DA:554,0
DA:558,0
DA:565,0
DA:572,0
DA:577,0
DA:586,0
DA:592,0
LF:149
LH:0
BRDA:27,0,0,0
BRDA:27,0,1,0
BRDA:65,1,0,0
BRDA:65,1,1,0
BRDA:65,2,0,0
BRDA:65,2,1,0
BRDA:84,3,0,0
BRDA:84,3,1,0
BRDA:88,4,0,0
BRDA:88,4,1,0
BRDA:116,5,0,0
BRDA:116,5,1,0
BRDA:132,6,0,0
BRDA:132,6,1,0
BRDA:132,7,0,0
BRDA:132,7,1,0
BRDA:136,8,0,0
BRDA:136,8,1,0
BRDA:161,9,0,0
BRDA:161,9,1,0
BRDA:165,10,0,0
BRDA:165,10,1,0
BRDA:169,11,0,0
BRDA:169,11,1,0
BRDA:173,12,0,0
BRDA:173,12,1,0
BRDA:177,13,0,0
BRDA:177,13,1,0
BRDA:181,14,0,0
BRDA:181,14,1,0
BRDA:186,15,0,0
BRDA:186,15,1,0
BRDA:199,16,0,0
BRDA:199,16,1,0
BRDA:199,17,0,0
BRDA:199,17,1,0
BRDA:257,18,0,0
BRDA:257,18,1,0
BRDA:266,19,0,0
BRDA:266,19,1,0
BRDA:291,20,0,0
BRDA:291,20,1,0
BRDA:300,21,0,0
BRDA:300,21,1,0
BRDA:315,22,0,0
BRDA:315,22,1,0
BRDA:340,23,0,0
BRDA:340,23,1,0
BRDA:371,24,0,0
BRDA:371,24,1,0
BRDA:432,25,0,0
BRDA:432,25,1,0
BRDA:437,26,0,0
BRDA:437,26,1,0
BRDA:441,27,0,0
BRDA:441,27,1,0
BRDA:446,28,0,0
BRDA:446,28,1,0
BRDA:455,29,0,0
BRDA:455,29,1,0
BRF:60
BRH:0
end_of_record
TN:
SF:app/screens/ForgotPasswordScreen.tsx
FN:31,ForgotPasswordScreen
FN:47,(anonymous_1)
FN:58,(anonymous_2)
FN:94,(anonymous_3)
FN:99,(anonymous_4)
FN:158,(anonymous_5)
FN:163,(anonymous_6)
FN:171,(anonymous_7)
FNF:8
FNH:0
FNDA:0,ForgotPasswordScreen
FNDA:0,(anonymous_1)
FNDA:0,(anonymous_2)
FNDA:0,(anonymous_3)
FNDA:0,(anonymous_4)
FNDA:0,(anonymous_5)
FNDA:0,(anonymous_6)
FNDA:0,(anonymous_7)
DA:23,0
DA:31,0
DA:34,0
DA:35,0
DA:36,0
DA:38,0
DA:47,0
DA:48,0
DA:49,0
DA:50,0
DA:53,0
DA:54,0
DA:58,0
DA:59,0
DA:60,0
DA:61,0
DA:62,0
DA:64,0
DA:67,0
DA:69,0
DA:70,0
DA:74,0
DA:77,0
DA:79,0
DA:80,0
DA:85,0
DA:90,0
DA:94,0
DA:95,0
DA:96,0
DA:99,0
DA:100,0
DA:103,0
DA:158,0
DA:163,0
DA:171,0
LF:36
LH:0
BRDA:62,0,0,0
BRDA:62,0,1,0
BRDA:69,1,0,0
BRDA:69,1,1,0
BRDA:87,2,0,0
BRDA:87,2,1,0
BRDA:108,3,0,0
BRDA:108,3,1,0
BRDA:114,4,0,0
BRDA:114,4,1,0
BRDA:128,5,0,0
BRDA:128,5,1,0
BRF:12
BRH:0
end_of_record
TN:
SF:app/screens/KaraokeScreen.tsx
FN:16,KaraokeScreen
FN:42,(anonymous_1)
FN:50,(anonymous_2)
FN:54,(anonymous_3)
FN:87,(anonymous_4)
FN:95,(anonymous_5)
FN:100,(anonymous_6)
FN:112,(anonymous_7)
FN:253,(anonymous_8)
FN:258,(anonymous_9)
FN:265,(anonymous_10)
FN:271,(anonymous_11)
FN:278,(anonymous_12)
FN:283,(anonymous_13)
FN:288,(anonymous_14)
FN:295,(anonymous_15)
FN:304,(anonymous_16)
FN:311,(anonymous_17)
FN:319,(anonymous_18)
FN:327,(anonymous_19)
FN:331,(anonymous_20)
FN:340,(anonymous_21)
FN:347,(anonymous_22)
FN:355,(anonymous_23)
FN:362,(anonymous_24)
FN:368,(anonymous_25)
FN:372,(anonymous_26)
FN:376,(anonymous_27)
FN:380,(anonymous_28)
FNF:29
FNH:0
FNDA:0,KaraokeScreen
FNDA:0,(anonymous_1)
FNDA:0,(anonymous_2)
FNDA:0,(anonymous_3)
FNDA:0,(anonymous_4)
FNDA:0,(anonymous_5)
FNDA:0,(anonymous_6)
FNDA:0,(anonymous_7)
FNDA:0,(anonymous_8)
FNDA:0,(anonymous_9)
FNDA:0,(anonymous_10)
FNDA:0,(anonymous_11)
FNDA:0,(anonymous_12)
FNDA:0,(anonymous_13)
FNDA:0,(anonymous_14)
FNDA:0,(anonymous_15)
FNDA:0,(anonymous_16)
FNDA:0,(anonymous_17)
FNDA:0,(anonymous_18)
FNDA:0,(anonymous_19)
FNDA:0,(anonymous_20)
FNDA:0,(anonymous_21)
FNDA:0,(anonymous_22)
FNDA:0,(anonymous_23)
FNDA:0,(anonymous_24)
FNDA:0,(anonymous_25)
FNDA:0,(anonymous_26)
FNDA:0,(anonymous_27)
FNDA:0,(anonymous_28)
DA:17,0
DA:18,0
DA:21,0
DA:30,0
DA:31,0
DA:32,0
DA:33,0
DA:36,0
DA:37,0
DA:38,0
DA:40,0
DA:42,0
DA:44,0
DA:50,0
DA:51,0
DA:54,0
DA:55,0
DA:56,0
DA:57,0
DA:60,0
DA:61,0
DA:62,0
DA:64,0
DA:70,0
DA:76,0
DA:77,0
DA:79,0
DA:80,0
DA:82,0
DA:87,0
DA:88,0
DA:89,0
DA:90,0
DA:95,0
DA:96,0
DA:99,0
DA:100,0
DA:103,0
DA:112,0
DA:113,0
DA:114,0
DA:115,0
DA:119,0
DA:120,0
DA:122,0
DA:253,0
DA:258,0
DA:265,0
DA:271,0
DA:278,0
DA:283,0
DA:288,0
DA:295,0
DA:304,0
DA:311,0
DA:319,0
DA:327,0
DA:331,0
DA:340,0
DA:347,0
DA:355,0
DA:362,0
DA:368,0
DA:372,0
DA:376,0
DA:380,0
LF:66
LH:0
BRDA:23,0,0,0
BRDA:23,0,1,0
BRDA:24,1,0,0
BRDA:24,1,1,0
BRDA:25,2,0,0
BRDA:25,2,1,0
BRDA:26,3,0,0
BRDA:26,3,1,0
BRDA:55,4,0,0
BRDA:55,4,1,0
BRDA:55,5,0,0
BRDA:55,5,1,0
BRDA:73,6,0,0
BRDA:73,6,1,0
BRDA:88,7,0,0
BRDA:88,7,1,0
BRDA:88,8,0,0
BRDA:88,8,1,0
BRDA:99,9,0,0
BRDA:99,9,1,0
BRDA:99,10,0,0
BRDA:99,10,1,0
BRDA:114,11,0,0
BRDA:114,11,1,0
BRDA:119,12,0,0
BRDA:119,12,1,0
BRDA:120,13,0,0
BRDA:120,13,1,0
BRDA:141,14,0,0
BRDA:141,14,1,0
BRDA:143,15,0,0
BRDA:143,15,1,0
BRDA:150,16,0,0
BRDA:150,16,1,0
BRDA:157,17,0,0
BRDA:157,17,1,0
BRDA:157,17,2,0
BRDA:162,18,0,0
BRDA:162,18,1,0
BRDA:163,19,0,0
BRDA:163,19,1,0
BRDA:177,20,0,0
BRDA:177,20,1,0
BRDA:195,21,0,0
BRDA:195,21,1,0
BRDA:203,22,0,0
BRDA:203,22,1,0
BRDA:216,23,0,0
BRDA:216,23,1,0
BRDA:216,23,2,0
BRDA:231,24,0,0
BRDA:231,24,1,0
BRDA:350,25,0,0
BRDA:350,25,1,0
BRF:54
BRH:0
end_of_record
TN:
SF:app/screens/MusicalKaraokeHomeScreen.tsx
FN:15,MusicalKaraokeHomeScreen
FN:23,(anonymous_1)
FN:27,(anonymous_2)
FN:48,(anonymous_3)
FN:53,(anonymous_4)
FN:127,(anonymous_5)
FN:132,(anonymous_6)
FN:140,(anonymous_7)
FN:145,(anonymous_8)
FN:150,(anonymous_9)
FN:159,(anonymous_10)
FN:163,(anonymous_11)
FN:169,(anonymous_12)
FN:173,(anonymous_13)
FN:181,(anonymous_14)
FN:187,(anonymous_15)
FN:193,(anonymous_16)
FNF:17
FNH:0
FNDA:0,MusicalKaraokeHomeScreen
FNDA:0,(anonymous_1)
FNDA:0,(anonymous_2)
FNDA:0,(anonymous_3)
FNDA:0,(anonymous_4)
FNDA:0,(anonymous_5)
FNDA:0,(anonymous_6)
FNDA:0,(anonymous_7)
FNDA:0,(anonymous_8)
FNDA:0,(anonymous_9)
FNDA:0,(anonymous_10)
FNDA:0,(anonymous_11)
FNDA:0,(anonymous_12)
FNDA:0,(anonymous_13)
FNDA:0,(anonymous_14)
FNDA:0,(anonymous_15)
FNDA:0,(anonymous_16)
DA:16,0
DA:17,0
DA:18,0
DA:19,0
DA:20,0
DA:23,0
DA:24,0
DA:27,0
DA:28,0
DA:29,0
DA:30,0
DA:33,0
DA:36,0
DA:37,0
DA:39,0
DA:41,0
DA:42,0
DA:44,0
DA:48,0
DA:49,0
DA:50,0
DA:53,0
DA:54,0
DA:57,0
DA:58,0
DA:65,0
DA:66,0
DA:81,0
DA:127,0
DA:132,0
DA:140,0
DA:145,0
DA:150,0
DA:159,0
DA:163,0
DA:169,0
DA:173,0
DA:181,0
DA:187,0
DA:193,0
LF:40
LH:0
BRDA:57,0,0,0
BRDA:57,0,1,0
BRDA:65,1,0,0
BRDA:65,1,1,0
BRF:4
BRH:0
end_of_record
TN:
SF:app/screens/PostDetailScreen.tsx
FN:22,(anonymous_0)
FN:38,(anonymous_1)
FN:41,(anonymous_2)
FN:53,(anonymous_3)
FN:62,(anonymous_4)
FN:74,(anonymous_5)
FN:80,(anonymous_6)
FN:93,(anonymous_7)
FN:109,(anonymous_8)
FN:123,(anonymous_9)
FN:242,(anonymous_10)
FN:243,(anonymous_11)
FN:257,(anonymous_12)
FN:260,(anonymous_13)
FN:268,(anonymous_14)
FN:279,(anonymous_15)
FN:284,(anonymous_16)
FN:288,(anonymous_17)
FN:293,(anonymous_18)
FN:299,(anonymous_19)
FN:305,(anonymous_20)
FN:311,(anonymous_21)
FN:318,(anonymous_22)
FN:325,(anonymous_23)
FN:331,(anonymous_24)
FN:337,(anonymous_25)
FN:343,(anonymous_26)
FN:350,(anonymous_27)
FN:357,(anonymous_28)
FN:366,(anonymous_29)
FN:372,(anonymous_30)
FN:381,(anonymous_31)
FNF:32
FNH:0
FNDA:0,(anonymous_0)
FNDA:0,(anonymous_1)
FNDA:0,(anonymous_2)
FNDA:0,(anonymous_3)
FNDA:0,(anonymous_4)
FNDA:0,(anonymous_5)
FNDA:0,(anonymous_6)
FNDA:0,(anonymous_7)
FNDA:0,(anonymous_8)
FNDA:0,(anonymous_9)
FNDA:0,(anonymous_10)
FNDA:0,(anonymous_11)
FNDA:0,(anonymous_12)
FNDA:0,(anonymous_13)
FNDA:0,(anonymous_14)
FNDA:0,(anonymous_15)
FNDA:0,(anonymous_16)
FNDA:0,(anonymous_17)
FNDA:0,(anonymous_18)
FNDA:0,(anonymous_19)
FNDA:0,(anonymous_20)
FNDA:0,(anonymous_21)
FNDA:0,(anonymous_22)
FNDA:0,(anonymous_23)
FNDA:0,(anonymous_24)
FNDA:0,(anonymous_25)
FNDA:0,(anonymous_26)
FNDA:0,(anonymous_27)
FNDA:0,(anonymous_28)
FNDA:0,(anonymous_29)
FNDA:0,(anonymous_30)
FNDA:0,(anonymous_31)
DA:22,0
DA:23,0
DA:24,0
DA:25,0
DA:26,0
DA:31,0
DA:33,0
DA:34,0
DA:35,0
DA:38,0
DA:41,0
DA:42,0
DA:43,0
DA:44,0
DA:46,0
DA:50,0
DA:53,0
DA:55,0
DA:56,0
DA:59,0
DA:62,0
DA:63,0
DA:75,0
DA:76,0
DA:77,0
DA:80,0
DA:84,0
DA:85,0
DA:93,0
DA:94,0
DA:96,0
DA:97,0
DA:99,0
DA:110,0
DA:111,0
DA:112,0
DA:114,0
DA:115,0
DA:123,0
DA:124,0
DA:129,0
DA:130,0
DA:131,0
DA:132,0
DA:133,0
DA:135,0
DA:136,0
DA:137,0
DA:138,0
DA:139,0
DA:140,0
DA:141,0
DA:142,0
DA:143,0
DA:144,0
DA:145,0
DA:148,0
DA:149,0
DA:159,0
DA:160,0
DA:172,0
DA:174,0
DA:242,0
DA:243,0
DA:244,0
DA:247,0
DA:257,0
DA:258,0
DA:261,0
DA:266,0
DA:268,0
DA:273,0
DA:279,0
DA:284,0
DA:288,0
DA:293,0
DA:299,0
DA:305,0
DA:311,0
DA:318,0
DA:325,0
DA:331,0
DA:337,0
DA:343,0
DA:350,0
DA:357,0
DA:366,0
DA:372,0
DA:381,0
LF:89
LH:0
BRDA:84,0,0,0
BRDA:84,0,1,0
BRDA:94,1,0,0
BRDA:94,1,1,0
BRDA:96,2,0,0
BRDA:96,2,1,0
BRDA:97,3,0,0
BRDA:97,3,1,0
BRDA:114,4,0,0
BRDA:114,4,1,0
BRDA:124,5,0,0
BRDA:124,5,1,0
BRDA:124,5,2,0
BRDA:124,5,3,0
BRDA:131,6,0,0
BRDA:131,6,1,0
BRDA:132,7,0,0
BRDA:132,7,1,0
BRDA:135,8,0,0
BRDA:135,8,1,0
BRDA:140,9,0,0
BRDA:140,9,1,0
BRDA:148,10,0,0
BRDA:148,10,1,0
BRDA:159,11,0,0
BRDA:159,11,1,0
BRDA:191,12,0,0
BRDA:191,12,1,0
BRDA:191,12,2,0
BRDA:196,13,0,0
BRDA:196,13,1,0
BRDA:206,14,0,0
BRDA:206,14,1,0
BRDA:210,15,0,0
BRDA:210,15,1,0
BRDA:215,16,0,0
BRDA:215,16,1,0
BRDA:222,17,0,0
BRDA:222,17,1,0
BRDA:244,18,0,0
BRDA:244,18,1,0
BRDA:244,19,0,0
BRDA:244,19,1,0
BRF:43
BRH:0
end_of_record
TN:
SF:app/screens/SettingsScreen.tsx
FN:20,SettingsScreen
FN:38,(anonymous_1)
FN:42,(anonymous_2)
FN:54,(anonymous_3)
FN:62,(anonymous_4)
FN:79,(anonymous_5)
FN:92,(anonymous_6)
FN:97,(anonymous_7)
FN:109,(anonymous_8)
FN:118,(anonymous_9)
FN:128,(anonymous_10)
FN:142,(anonymous_11)
FN:148,(anonymous_12)
FN:163,(anonymous_13)
FN:175,(anonymous_14)
FN:230,(anonymous_15)
FN:254,(anonymous_16)
FN:265,(anonymous_17)
FN:302,(anonymous_18)
FN:363,(anonymous_19)
FN:377,(anonymous_20)
FN:391,(anonymous_21)
FN:442,(anonymous_22)
FN:468,(anonymous_23)
FN:482,(anonymous_24)
FN:496,(anonymous_25)
FN:510,(anonymous_26)
FN:523,(anonymous_27)
FN:530,(anonymous_28)
FN:536,(anonymous_29)
FN:545,(anonymous_30)
FN:553,(anonymous_31)
FN:558,(anonymous_32)
FN:563,(anonymous_33)
FN:571,(anonymous_34)
FN:575,(anonymous_35)
FN:582,(anonymous_36)
FN:586,(anonymous_37)
FN:591,(anonymous_38)
FN:600,(anonymous_39)
FN:607,(anonymous_40)
FN:614,(anonymous_41)
FN:618,(anonymous_42)
FN:625,(anonymous_43)
FN:629,(anonymous_44)
FN:635,(anonymous_45)
FN:640,(anonymous_46)
FN:684,(anonymous_47)
FN:723,(anonymous_48)
FN:742,(anonymous_49)
FN:754,(anonymous_50)
FNF:51
FNH:0
FNDA:0,SettingsScreen
FNDA:0,(anonymous_1)
FNDA:0,(anonymous_2)
FNDA:0,(anonymous_3)
FNDA:0,(anonymous_4)
FNDA:0,(anonymous_5)
FNDA:0,(anonymous_6)
FNDA:0,(anonymous_7)
FNDA:0,(anonymous_8)
FNDA:0,(anonymous_9)
FNDA:0,(anonymous_10)
FNDA:0,(anonymous_11)
FNDA:0,(anonymous_12)
FNDA:0,(anonymous_13)
FNDA:0,(anonymous_14)
FNDA:0,(anonymous_15)
FNDA:0,(anonymous_16)
FNDA:0,(anonymous_17)
FNDA:0,(anonymous_18)
FNDA:0,(anonymous_19)
FNDA:0,(anonymous_20)
FNDA:0,(anonymous_21)
FNDA:0,(anonymous_22)
FNDA:0,(anonymous_23)
FNDA:0,(anonymous_24)
FNDA:0,(anonymous_25)
FNDA:0,(anonymous_26)
FNDA:0,(anonymous_27)
FNDA:0,(anonymous_28)
FNDA:0,(anonymous_29)
FNDA:0,(anonymous_30)
FNDA:0,(anonymous_31)
FNDA:0,(anonymous_32)
FNDA:0,(anonymous_33)
FNDA:0,(anonymous_34)
FNDA:0,(anonymous_35)
FNDA:0,(anonymous_36)
FNDA:0,(anonymous_37)
FNDA:0,(anonymous_38)
FNDA:0,(anonymous_39)
FNDA:0,(anonymous_40)
FNDA:0,(anonymous_41)
FNDA:0,(anonymous_42)
FNDA:0,(anonymous_43)
FNDA:0,(anonymous_44)
FNDA:0,(anonymous_45)
FNDA:0,(anonymous_46)
FNDA:0,(anonymous_47)
FNDA:0,(anonymous_48)
FNDA:0,(anonymous_49)
FNDA:0,(anonymous_50)
DA:20,0
DA:21,0
DA:22,0
DA:24,0
DA:25,0
DA:26,0
DA:27,0
DA:28,0
DA:31,0
DA:32,0
DA:33,0
DA:34,0
DA:35,0
DA:36,0
DA:38,0
DA:39,0
DA:42,0
DA:43,0
DA:44,0
DA:45,0
DA:46,0
DA:48,0
DA:50,0
DA:54,0
DA:55,0
DA:56,0
DA:58,0
DA:62,0
DA:63,0
DA:65,0
DA:68,0
DA:81,0
DA:94,0
DA:97,0
DA:98,0
DA:111,0
DA:118,0
DA:120,0
DA:121,0
DA:128,0
DA:137,0
DA:142,0
DA:148,0
DA:149,0
DA:150,0
DA:152,0
DA:154,0
DA:155,0
DA:156,0
DA:158,0
DA:163,0
DA:168,0
DA:169,0
DA:171,0
DA:175,0
DA:176,0
DA:177,0
DA:178,0
DA:181,0
DA:182,0
DA:185,0
DA:188,0
DA:193,0
DA:204,0
DA:210,0
DA:211,0
DA:212,0
DA:218,0
DA:222,0
DA:230,0
DA:231,0
DA:232,0
DA:236,0
DA:239,0
DA:241,0
DA:242,0
DA:244,0
DA:246,0
DA:247,0
DA:248,0
DA:250,0
DA:254,0
DA:255,0
DA:265,0
DA:266,0
DA:267,0
DA:269,0
DA:271,0
DA:273,0
DA:275,0
DA:276,0
DA:278,0
DA:282,0
DA:283,0
DA:303,0
DA:304,0
DA:321,0
DA:363,0
DA:377,0
DA:391,0
DA:443,0
DA:469,0
DA:482,0
DA:483,0
DA:485,0
DA:487,0
DA:489,0
DA:491,0
DA:496,0
DA:497,0
DA:499,0
DA:501,0
DA:503,0
DA:505,0
DA:510,0
DA:511,0
DA:513,0
DA:515,0
DA:517,0
DA:519,0
DA:523,0
DA:530,0
DA:536,0
DA:545,0
DA:553,0
DA:558,0
DA:563,0
DA:571,0
DA:575,0
DA:582,0
DA:586,0
DA:591,0
DA:600,0
DA:607,0
DA:614,0
DA:618,0
DA:625,0
DA:629,0
DA:635,0
DA:640,0
DA:646,0
DA:650,0
DA:655,0
DA:659,0
DA:664,0
DA:668,0
DA:673,0
DA:684,0
DA:700,0
DA:707,0
DA:714,0
DA:723,0
DA:742,0
DA:754,0
LF:154
LH:0
BRDA:63,0,0,0
BRDA:63,0,1,0
BRDA:120,1,0,0
BRDA:120,1,1,0
BRDA:120,2,0,0
BRDA:120,2,1,0
BRDA:154,3,0,0
BRDA:154,3,1,0
BRDA:176,4,0,0
BRDA:176,4,1,0
BRDA:196,5,0,0
BRDA:196,5,1,0
BRDA:202,6,0,0
BRDA:202,6,1,0
BRDA:212,7,0,0
BRDA:212,7,1,0
BRDA:231,8,0,0
BRDA:231,8,1,0
BRDA:247,9,0,0
BRDA:247,9,1,0
BRDA:282,10,0,0
BRDA:282,10,1,0
BRDA:327,11,0,0
BRDA:327,11,1,0
BRDA:327,11,2,0
BRDA:331,12,0,0
BRDA:331,12,1,0
BRDA:332,13,0,0
BRDA:332,13,1,0
BRDA:336,14,0,0
BRDA:336,14,1,0
BRDA:363,15,0,0
BRDA:363,15,1,0
BRDA:365,16,0,0
BRDA:365,16,1,0
BRDA:377,17,0,0
BRDA:377,17,1,0
BRDA:379,18,0,0
BRDA:379,18,1,0
BRDA:391,19,0,0
BRDA:391,19,1,0
BRDA:393,20,0,0
BRDA:393,20,1,0
BRDA:417,21,0,0
BRDA:417,21,1,0
BRDA:483,22,0,0
BRDA:483,22,1,0
BRDA:483,22,2,0
BRDA:483,22,3,0
BRDA:497,23,0,0
BRDA:497,23,1,0
BRDA:497,23,2,0
BRDA:497,23,3,0
BRDA:511,24,0,0
BRDA:511,24,1,0
BRDA:511,24,2,0
BRDA:511,24,3,0
BRDA:729,25,0,0
BRDA:729,25,1,0
BRDA:758,26,0,0
BRDA:758,26,1,0
BRF:61
BRH:0
end_of_record
TN:
SF:app/screens/SignInScreen.tsx
FN:31,SignInScreen
FN:45,(anonymous_1)
FN:65,(anonymous_2)
FN:76,(anonymous_3)
FN:82,(anonymous_4)
FNF:5
FNH:0
FNDA:0,SignInScreen
FNDA:0,(anonymous_1)
FNDA:0,(anonymous_2)
FNDA:0,(anonymous_3)
FNDA:0,(anonymous_4)
DA:22,0
DA:31,0
DA:32,0
DA:33,0
DA:35,0
DA:45,0
DA:46,0
DA:47,0
DA:48,0
DA:50,0
DA:51,0
DA:52,0
DA:53,0
DA:56,0
DA:58,0
DA:65,0
DA:66,0
DA:67,0
DA:69,0
DA:76,0
DA:77,0
DA:78,0
DA:79,0
DA:82,0
DA:83,0
DA:84,0
DA:85,0
DA:88,0
LF:28
LH:0
BRDA:50,0,0,0
BRDA:50,0,1,0
BRDA:60,1,0,0
BRDA:60,1,1,0
BRDA:71,2,0,0
BRDA:71,2,1,0
BRDA:117,3,0,0
BRDA:117,3,1,0
BRDA:118,4,0,0
BRDA:118,4,1,0
BRF:10
BRH:0
end_of_record
TN:
SF:app/screens/SignUpScreen.tsx
FN:34,(anonymous_0)
FN:43,SignUpScreen
FN:62,(anonymous_2)
FN:68,(anonymous_3)
FN:89,(anonymous_4)
FN:100,(anonymous_5)
FNF:6
FNH:0
FNDA:0,(anonymous_0)
FNDA:0,SignUpScreen
FNDA:0,(anonymous_2)
FNDA:0,(anonymous_3)
FNDA:0,(anonymous_4)
FNDA:0,(anonymous_5)
DA:21,0
DA:34,0
DA:43,0
DA:44,0
DA:45,0
DA:47,0
DA:59,0
DA:60,0
DA:62,0
DA:63,0
DA:64,0
DA:68,0
DA:69,0
DA:70,0
DA:71,0
DA:73,0
DA:74,0
DA:76,0
DA:82,0
DA:89,0
DA:90,0
DA:91,0
DA:93,0
DA:100,0
DA:101,0
DA:102,0
DA:105,0
LF:27
LH:0
BRDA:63,0,0,0
BRDA:63,0,1,0
BRDA:71,1,0,0
BRDA:71,1,1,0
BRDA:84,2,0,0
BRDA:84,2,1,0
BRDA:95,3,0,0
BRDA:95,3,1,0
BRDA:138,4,0,0
BRDA:138,4,1,0
BRDA:144,5,0,0
BRDA:144,5,1,0
BRF:12
BRH:0
end_of_record
TN:
SF:app/screens/WelcomeScreen.tsx
FN:17,WelcomeScreen
FN:23,(anonymous_1)
FN:77,(anonymous_2)
FN:85,(anonymous_3)
FN:96,(anonymous_4)
FN:111,(anonymous_5)
FN:115,(anonymous_6)
FNF:7
FNH:0
FNDA:0,WelcomeScreen
FNDA:0,(anonymous_1)
FNDA:0,(anonymous_2)
FNDA:0,(anonymous_3)
FNDA:0,(anonymous_4)
FNDA:0,(anonymous_5)
FNDA:0,(anonymous_6)
DA:14,0
DA:15,0
DA:17,0
DA:18,0
DA:19,0
DA:21,0
DA:23,0
DA:24,0
DA:25,0
DA:27,0
DA:28,0
DA:33,0
DA:35,0
DA:77,0
DA:85,0
DA:96,0
DA:102,0
DA:111,0
DA:115,0
LF:19
LH:0
BRDA:60,0,0,0
BRDA:60,0,1,0
BRDA:62,1,0,0
BRDA:62,1,1,0
BRDA:62,1,2,0
BRDA:68,2,0,0
BRDA:68,2,1,0
BRDA:108,3,0,0
BRDA:108,3,1,0
BRF:9
BRH:0
end_of_record
TN:
SF:app/screens/ErrorScreen/ErrorBoundary.tsx
FN:29,(anonymous_0)
FN:46,(anonymous_1)
FN:51,(anonymous_2)
FN:56,(anonymous_3)
FN:65,(anonymous_4)
FNF:5
FNH:0
FNDA:0,(anonymous_0)
FNDA:0,(anonymous_1)
FNDA:0,(anonymous_2)
FNDA:0,(anonymous_3)
FNDA:0,(anonymous_4)
DA:26,0
DA:31,0
DA:32,0
DA:35,0
DA:46,0
DA:47,0
DA:52,0
DA:57,0
DA:66,0
LF:9
LH:0
BRDA:31,0,0,0
BRDA:31,0,1,0
BRDA:58,1,0,0
BRDA:58,1,1,0
BRDA:58,1,2,0
BRDA:58,1,3,0
BRDA:58,1,4,0
BRDA:66,2,0,0
BRDA:66,2,1,0
BRDA:66,3,0,0
BRDA:66,3,1,0
BRF:11
BRH:0
end_of_record
TN:
SF:app/screens/ErrorScreen/ErrorDetails.tsx
FN:22,ErrorDetails
FN:58,(anonymous_1)
FN:70,(anonymous_2)
FN:75,(anonymous_3)
FN:82,(anonymous_4)
FN:86,(anonymous_5)
FN:90,(anonymous_6)
FN:95,(anonymous_7)
FNF:8
FNH:0
FNDA:0,ErrorDetails
FNDA:0,(anonymous_1)
FNDA:0,(anonymous_2)
FNDA:0,(anonymous_3)
FNDA:0,(anonymous_4)
FNDA:0,(anonymous_5)
FNDA:0,(anonymous_6)
FNDA:0,(anonymous_7)
DA:23,0
DA:24,0
DA:58,0
DA:65,0
DA:70,0
DA:75,0
DA:82,0
DA:86,0
DA:90,0
DA:95,0
LF:10
LH:0
BRDA:44,0,0,0
BRDA:44,0,1,0
BRF:2
BRH:0
end_of_record
TN:
SF:app/services/api/apiProblem.ts
FN:46,getGeneralApiProblem
FNF:1
FNH:0
FNDA:0,getGeneralApiProblem
DA:47,0
DA:49,0
DA:51,0
DA:53,0
DA:55,0
DA:57,0
DA:59,0
DA:61,0
DA:63,0
DA:65,0
DA:67,0
DA:70,0
DA:73,0
LF:13
LH:0
BRDA:47,0,0,0
BRDA:47,0,1,0
BRDA:47,0,2,0
BRDA:47,0,3,0
BRDA:47,0,4,0
BRDA:47,0,5,0
BRDA:47,0,6,0
BRDA:59,1,0,0
BRDA:59,1,1,0
BRDA:59,1,2,0
BRDA:59,1,3,0
BRF:11
BRH:0
end_of_record
TN:
SF:app/services/api/types.ts
FNF:0
FNH:0
LF:0
LH:0
BRF:0
BRH:0
end_of_record
TN:
SF:app/services/audio/pitchAnalysis.ts
FN:71,(anonymous_0)
FN:112,(anonymous_1)
FN:197,(anonymous_2)
FN:222,(anonymous_3)
FN:268,(anonymous_4)
FN:269,(anonymous_5)
FN:296,(anonymous_6)
FN:327,(anonymous_7)
FN:330,(anonymous_8)
FN:338,(anonymous_9)
FN:339,(anonymous_10)
FN:347,(anonymous_11)
FN:410,(anonymous_12)
FN:468,(anonymous_13)
FN:475,(anonymous_14)
FN:482,(anonymous_15)
FN:489,(anonymous_16)
FN:496,(anonymous_17)
FN:514,(anonymous_18)
FN:525,(anonymous_19)
FN:534,(anonymous_20)
FN:541,(anonymous_21)
FN:551,(anonymous_22)
FN:562,(anonymous_23)
FN:640,(anonymous_24)
FN:652,(anonymous_25)
FNF:26
FNH:0
FNDA:0,(anonymous_0)
FNDA:0,(anonymous_1)
FNDA:0,(anonymous_2)
FNDA:0,(anonymous_3)
FNDA:0,(anonymous_4)
FNDA:0,(anonymous_5)
FNDA:0,(anonymous_6)
FNDA:0,(anonymous_7)
FNDA:0,(anonymous_8)
FNDA:0,(anonymous_9)
FNDA:0,(anonymous_10)
FNDA:0,(anonymous_11)
FNDA:0,(anonymous_12)
FNDA:0,(anonymous_13)
FNDA:0,(anonymous_14)
FNDA:0,(anonymous_15)
FNDA:0,(anonymous_16)
FNDA:0,(anonymous_17)
FNDA:0,(anonymous_18)
FNDA:0,(anonymous_19)
FNDA:0,(anonymous_20)
FNDA:0,(anonymous_21)
FNDA:0,(anonymous_22)
FNDA:0,(anonymous_23)
FNDA:0,(anonymous_24)
FNDA:0,(anonymous_25)
DA:62,0
DA:63,0
DA:65,0
DA:66,0
DA:67,0
DA:68,0
DA:69,0
DA:72,0
DA:100,0
DA:116,0
DA:117,0
DA:120,0
DA:122,0
DA:123,0
DA:124,0
DA:128,0
DA:135,0
DA:137,0
DA:138,0
DA:139,0
DA:140,0
DA:143,0
DA:146,0
DA:147,0
DA:155,0
DA:156,0
DA:162,0
DA:163,0
DA:164,0
DA:166,0
DA:168,0
DA:169,0
DA:170,0
DA:174,0
DA:177,0
DA:178,0
DA:179,0
DA:182,0
DA:183,0
DA:190,0
DA:198,0
DA:200,0
DA:203,0
DA:204,0
DA:205,0
[...]
DA:681,0
DA:682,0
DA:685,0
DA:686,0
DA:687,0
DA:688,0
DA:689,0
DA:691,0
DA:701,0
DA:703,0
DA:705,0
DA:706,0
DA:707,0
DA:711,0
DA:712,0
DA:713,0
DA:716,0
DA:719,0
DA:720,0
DA:723,0
DA:732,0
DA:733,0
DA:736,0
DA:737,0
DA:738,0
DA:739,0
DA:740,0
DA:742,0
DA:752,0
DA:754,0
DA:756,0
DA:757,0
DA:758,0
DA:762,0
DA:763,0
DA:764,0
DA:768,0
DA:769,0
DA:770,0
DA:773,0
DA:779,0
DA:780,0
DA:783,0
DA:784,0
DA:785,0
DA:786,0
DA:787,0
DA:789,0
DA:808,0
DA:810,0
DA:812,0
DA:813,0
DA:816,0
DA:817,0
DA:820,0
DA:821,0
DA:825,0
DA:826,0
DA:829,0
DA:831,0
DA:832,0
DA:835,0
DA:838,0
DA:839,0
DA:840,0
DA:845,0
DA:846,0
DA:847,0
DA:848,0
DA:850,0
DA:854,0
DA:855,0
DA:856,0
DA:859,0
DA:876,0
DA:877,0
DA:878,0
DA:879,0
DA:882,0
DA:883,0
DA:885,0
DA:886,0
DA:889,0
DA:891,0
DA:898,0
DA:899,0
DA:900,0
DA:901,0
DA:902,0
DA:905,0
DA:906,0
DA:918,0
DA:920,0
DA:923,0
DA:930,0
DA:931,0
DA:933,0
DA:934,0
DA:935,0
DA:942,0
DA:944,0
DA:945,0
DA:948,0
DA:952,0
DA:966,0
DA:967,0
DA:969,0
DA:971,0
DA:975,0
DA:976,0
DA:979,0
DA:984,0
DA:985,0
DA:987,0
DA:988,0
DA:989,0
DA:996,0
DA:998,0
DA:999,0
DA:1002,0
DA:1003,0
DA:1012,0
DA:1014,0
DA:1019,0
DA:1020,0
DA:1026,0
DA:1027,0
DA:1029,0
DA:1030,0
DA:1033,0
DA:1034,0
DA:1035,0
DA:1039,0
DA:1044,0
DA:1053,0
DA:1055,0
DA:1056,0
DA:1058,0
DA:1059,0
DA:1062,0
DA:1063,0
DA:1065,0
DA:1067,0
DA:1072,0
DA:1077,0
DA:1081,0
DA:1089,0
DA:1090,0
DA:1091,0
DA:1092,0
DA:1095,0
DA:1096,0
DA:1098,0
DA:1099,0
DA:1102,0
DA:1104,0
DA:1110,0
DA:1111,0
DA:1112,0
DA:1113,0
DA:1116,0
DA:1117,0
LF:380
LH:0
BRDA:63,0,0,0
BRDA:63,0,1,0
BRDA:64,1,0,0
BRDA:64,1,1,0
BRDA:77,2,0,0
BRDA:77,2,1,0
BRDA:114,3,0,0
BRDA:114,3,1,0
BRDA:119,4,0,0
BRDA:119,4,1,0
BRDA:122,5,0,0
BRDA:122,5,1,0
BRDA:148,6,0,0
BRDA:148,6,1,0
BRDA:148,7,0,0
BRDA:148,7,1,0
BRDA:172,8,0,0
BRDA:176,9,0,0
BRDA:176,9,1,0
BRDA:178,10,0,0
BRDA:178,10,1,0
BRDA:187,11,0,0
BRDA:187,11,1,0
BRDA:197,12,0,0
BRDA:197,12,1,0
BRDA:204,13,0,0
BRDA:204,13,1,0
BRDA:217,14,0,0
BRDA:217,14,1,0
BRDA:234,15,0,0
BRDA:234,15,1,0
BRDA:236,16,0,0
BRDA:236,16,1,0
BRDA:244,17,0,0
BRDA:255,18,0,0
BRDA:255,18,1,0
BRDA:262,19,0,0
BRDA:262,19,1,0
BRDA:268,20,0,0
BRDA:268,20,1,0
BRDA:291,21,0,0
BRDA:291,21,1,0
BRDA:293,22,0,0
BRDA:293,22,1,0
BRDA:295,23,0,0
BRDA:295,23,1,0
BRDA:307,24,0,0
BRDA:309,25,0,0
BRDA:311,26,0,0
BRDA:312,27,0,0
BRDA:313,28,0,0
BRDA:318,29,0,0
BRDA:318,29,1,0
BRDA:322,30,0,0
BRDA:322,30,1,0
BRDA:324,31,0,0
BRDA:324,31,1,0
BRDA:339,32,0,0
BRDA:339,32,1,0
BRDA:348,33,0,0
BRDA:348,33,1,0
BRDA:349,34,0,0
BRDA:349,34,1,0
BRDA:363,35,0,0
BRDA:363,35,1,0
BRDA:378,36,0,0
BRDA:381,37,0,0
BRDA:383,38,0,0
BRDA:389,39,0,0
BRDA:389,39,1,0
BRDA:389,40,0,0
BRDA:389,40,1,0
BRDA:392,41,0,0
BRDA:392,41,1,0
BRDA:394,42,0,0
BRDA:394,42,1,0
BRDA:407,43,0,0
BRDA:407,43,1,0
BRDA:415,44,0,0
BRDA:415,44,1,0
BRDA:423,45,0,0
BRDA:423,45,1,0
BRDA:424,46,0,0
BRDA:424,46,1,0
BRDA:437,47,0,0
BRDA:437,47,1,0
BRDA:449,48,0,0
BRDA:460,49,0,0
BRDA:463,50,0,0
BRDA:465,51,0,0
BRDA:471,52,0,0
BRDA:471,52,1,0
BRDA:471,53,0,0
BRDA:471,53,1,0
BRDA:474,54,0,0
BRDA:474,54,1,0
BRDA:476,55,0,0
BRDA:476,55,1,0
BRDA:486,56,0,0
BRDA:486,56,1,0
BRDA:494,57,0,0
BRDA:494,57,1,0
BRDA:502,58,0,0
BRDA:502,58,1,0
BRDA:503,59,0,0
BRDA:503,59,1,0
BRDA:516,60,0,0
BRDA:516,60,1,0
BRDA:530,61,0,0
BRDA:533,62,0,0
BRDA:535,63,0,0
BRDA:536,64,0,0
BRDA:541,65,0,0
BRDA:541,65,1,0
BRDA:544,66,0,0
BRDA:544,66,1,0
BRDA:546,67,0,0
BRDA:546,67,1,0
BRDA:559,68,0,0
BRDA:559,68,1,0
BRDA:567,69,0,0
BRDA:567,69,1,0
BRDA:568,70,0,0
BRDA:568,70,1,0
BRDA:581,71,0,0
BRDA:581,71,1,0
BRDA:594,72,0,0
BRDA:597,73,0,0
BRDA:599,74,0,0
BRDA:604,75,0,0
BRDA:604,75,1,0
BRDA:607,76,0,0
BRDA:607,76,1,0
BRDA:609,77,0,0
BRDA:609,77,1,0
BRDA:621,78,0,0
BRDA:621,78,1,0
BRDA:629,79,0,0
BRDA:629,79,1,0
BRDA:630,80,0,0
BRDA:630,80,1,0
BRDA:643,81,0,0
BRDA:643,81,1,0
BRDA:660,82,0,0
BRDA:660,82,1,0
BRDA:666,83,0,0
BRDA:666,83,1,0
BRDA:666,84,0,0
BRDA:666,84,1,0
BRDA:685,85,0,0
BRDA:685,85,1,0
BRDA:685,86,0,0
BRDA:685,86,1,0
BRDA:685,86,2,0
BRDA:706,87,0,0
BRDA:706,87,1,0
BRDA:712,88,0,0
BRDA:712,88,1,0
BRDA:712,89,0,0
BRDA:712,89,1,0
BRDA:736,90,0,0
BRDA:736,90,1,0
BRDA:736,91,0,0
BRDA:736,91,1,0
BRDA:757,92,0,0
BRDA:757,92,1,0
BRDA:763,93,0,0
BRDA:763,93,1,0
BRDA:763,94,0,0
BRDA:763,94,1,0
BRDA:768,95,0,0
BRDA:768,95,1,0
BRDA:783,96,0,0
BRDA:783,96,1,0
BRDA:783,97,0,0
BRDA:783,97,1,0
BRDA:800,98,0,0
BRDA:803,99,0,0
BRDA:805,100,0,0
BRDA:816,101,0,0
BRDA:816,101,1,0
BRDA:820,102,0,0
BRDA:820,102,1,0
BRDA:825,103,0,0
BRDA:825,103,1,0
BRDA:825,104,0,0
BRDA:825,104,1,0
BRDA:831,105,0,0
BRDA:831,105,1,0
BRDA:850,106,0,0
BRDA:850,106,1,0
BRDA:850,106,2,0
BRDA:850,106,3,0
BRDA:855,107,0,0
BRDA:855,107,1,0
BRDA:856,108,0,0
BRDA:856,108,1,0
BRDA:876,109,0,0
BRDA:876,109,1,0
BRDA:878,110,0,0
BRDA:878,110,1,0
BRDA:885,111,0,0
BRDA:885,111,1,0
BRDA:900,112,0,0
BRDA:900,112,1,0
BRDA:901,113,0,0
BRDA:901,113,1,0
BRDA:902,114,0,0
BRDA:902,114,1,0
BRDA:916,115,0,0
BRDA:964,116,0,0
BRDA:966,117,0,0
BRDA:966,118,0,0
BRDA:975,119,0,0
BRDA:975,119,1,0
BRDA:1019,120,0,0
BRDA:1019,120,1,0
BRDA:1053,121,0,0
BRDA:1053,121,1,0
BRDA:1089,122,0,0
BRDA:1089,122,1,0
BRDA:1091,123,0,0
BRDA:1091,123,1,0
BRDA:1098,124,0,0
BRDA:1098,124,1,0
BRDA:1112,125,0,0
BRDA:1112,125,1,0
BRDA:1113,126,0,0
BRDA:1113,126,1,0
BRF:229
BRH:0
end_of_record
TN:
SF:app/services/firestore/songService.ts
FN:12,(anonymous_0)
FN:16,(anonymous_1)
FN:29,(anonymous_2)
FN:36,(anonymous_3)
FN:49,(anonymous_4)
FN:54,(anonymous_5)
FN:67,(anonymous_6)
FN:85,(anonymous_7)
FN:100,(anonymous_8)
FN:112,(anonymous_9)
FN:116,(anonymous_10)
FN:117,(anonymous_11)
FN:130,(anonymous_12)
FN:176,(anonymous_13)
FNF:14
FNH:0
FNDA:0,(anonymous_0)
FNDA:0,(anonymous_1)
FNDA:0,(anonymous_2)
FNDA:0,(anonymous_3)
FNDA:0,(anonymous_4)
FNDA:0,(anonymous_5)
FNDA:0,(anonymous_6)
FNDA:0,(anonymous_7)
FNDA:0,(anonymous_8)
FNDA:0,(anonymous_9)
FNDA:0,(anonymous_10)
FNDA:0,(anonymous_11)
FNDA:0,(anonymous_12)
FNDA:0,(anonymous_13)
DA:4,0
DA:7,0
DA:13,0
DA:14,0
DA:16,0
DA:21,0
DA:22,0
DA:30,0
DA:31,0
DA:36,0
DA:41,0
DA:42,0
DA:50,0
DA:51,0
DA:52,0
DA:54,0
DA:55,0
DA:59,0
DA:60,0
DA:68,0
DA:69,0
DA:75,0
DA:77,0
DA:78,0
DA:86,0
DA:87,0
DA:92,0
DA:93,0
DA:101,0
DA:102,0
DA:104,0
DA:105,0
DA:113,0
DA:117,0
DA:121,0
DA:131,0
DA:133,0
DA:134,0
DA:135,0
DA:136,0
DA:139,0
DA:174,0
DA:176,0
DA:177,0
DA:178,0
DA:185,0
DA:186,0
DA:188,0
DA:189,0
LF:49
LH:0
BRDA:55,0,0,0
BRDA:55,0,1,0
BRDA:134,1,0,0
BRDA:134,1,1,0
BRF:4
BRH:0
end_of_record
TN:
SF:app/services/firestore/userService.ts
FN:18,(anonymous_0)
FN:25,(anonymous_1)
FN:36,(anonymous_2)
FN:43,(anonymous_3)
FN:86,(anonymous_4)
FN:101,(anonymous_5)
FN:135,(anonymous_6)
FN:180,(anonymous_7)
FN:206,(anonymous_8)
FN:225,(anonymous_9)
FN:273,(anonymous_10)
FN:281,(anonymous_11)
FN:288,(anonymous_12)
FN:298,(anonymous_13)
FN:311,(anonymous_14)
FN:325,(anonymous_15)
FN:337,(anonymous_16)
FNF:17
FNH:0
FNDA:0,(anonymous_0)
FNDA:0,(anonymous_1)
FNDA:0,(anonymous_2)
FNDA:0,(anonymous_3)
FNDA:0,(anonymous_4)
FNDA:0,(anonymous_5)
FNDA:0,(anonymous_6)
FNDA:0,(anonymous_7)
FNDA:0,(anonymous_8)
FNDA:0,(anonymous_9)
FNDA:0,(anonymous_10)
FNDA:0,(anonymous_11)
FNDA:0,(anonymous_12)
FNDA:0,(anonymous_13)
FNDA:0,(anonymous_14)
FNDA:0,(anonymous_15)
FNDA:0,(anonymous_16)
DA:19,0
DA:26,0
DA:27,0
DA:28,0
DA:30,0
DA:37,0
DA:44,0
DA:45,0
DA:47,0
DA:48,0
DA:51,0
DA:52,0
DA:64,0
DA:65,0
DA:67,0
DA:68,0
DA:70,0
DA:71,0
DA:73,0
DA:74,0
DA:75,0
DA:76,0
DA:80,0
DA:87,0
DA:89,0
DA:91,0
DA:92,0
DA:95,0
DA:102,0
DA:104,0
DA:105,0
DA:106,0
DA:107,0
DA:111,0
DA:122,0
DA:124,0
DA:127,0
DA:135,0
DA:136,0
DA:137,0
DA:139,0
DA:142,0
DA:148,0
DA:150,0
DA:152,0
DA:153,0
DA:170,0
DA:171,0
DA:174,0
DA:181,0
DA:182,0
DA:185,0
DA:187,0
DA:195,0
DA:196,0
DA:197,0
DA:200,0
DA:207,0
DA:209,0
DA:215,0
DA:217,0
DA:218,0
DA:226,0
DA:228,0
DA:229,0
DA:231,0
DA:232,0
DA:238,0
DA:241,0
DA:243,0
DA:244,0
DA:251,0
DA:257,0
DA:262,0
DA:263,0
DA:277,0
DA:282,0
DA:283,0
DA:285,0
DA:289,0
DA:290,0
DA:299,0
DA:300,0
DA:312,0
DA:314,0
DA:326,0
DA:338,0
LF:87
LH:0
BRDA:27,0,0,0
BRDA:27,0,1,0
BRDA:47,1,0,0
BRDA:47,1,1,0
BRDA:58,2,0,0
BRDA:58,2,1,0
BRDA:64,3,0,0
BRDA:64,3,1,0
BRDA:67,4,0,0
BRDA:67,4,1,0
BRDA:70,5,0,0
BRDA:70,5,1,0
BRDA:73,6,0,0
BRDA:73,6,1,0
BRDA:75,7,0,0
BRDA:75,7,1,0
BRDA:87,8,0,0
BRDA:87,8,1,0
BRDA:91,9,0,0
BRDA:91,9,1,0
BRDA:106,10,0,0
BRDA:106,10,1,0
BRDA:111,11,0,0
BRDA:111,11,1,0
BRDA:113,12,0,0
BRDA:113,12,1,0
BRDA:114,13,0,0
BRDA:114,13,1,0
BRDA:114,13,2,0
BRDA:124,14,0,0
BRDA:124,14,1,0
BRDA:128,15,0,0
BRDA:128,15,1,0
BRDA:128,15,2,0
BRDA:128,15,3,0
BRDA:136,16,0,0
BRDA:136,16,1,0
BRDA:136,17,0,0
BRDA:136,17,1,0
BRDA:150,18,0,0
BRDA:150,18,1,0
BRDA:155,19,0,0
BRDA:155,19,1,0
BRDA:156,20,0,0
BRDA:156,20,1,0
BRDA:160,21,0,0
BRDA:160,21,1,0
BRDA:162,22,0,0
BRDA:162,22,1,0
BRDA:195,23,0,0
BRDA:195,23,1,0
BRDA:231,24,0,0
BRDA:231,24,1,0
BRDA:231,25,0,0
BRDA:231,25,1,0
BRDA:243,26,0,0
BRDA:243,26,1,0
BRDA:282,27,0,0
BRDA:282,27,1,0
BRF:59
BRH:0
end_of_record
TN:
SF:app/services/musicxml/musicXMLParser.ts
FN:49,(anonymous_0)
FN:62,(anonymous_1)
FN:118,(anonymous_2)
FN:129,(anonymous_3)
FN:137,(anonymous_4)
FN:190,(anonymous_5)
FNF:6
FNH:0
FNDA:0,(anonymous_0)
FNDA:0,(anonymous_1)
FNDA:0,(anonymous_2)
FNDA:0,(anonymous_3)
FNDA:0,(anonymous_4)
FNDA:0,(anonymous_5)
DA:50,0
DA:63,0
DA:64,0
DA:65,0
DA:68,0
DA:69,0
DA:70,0
DA:73,0
DA:74,0
DA:75,0
DA:76,0
DA:80,0
DA:81,0
DA:83,0
DA:84,0
DA:86,0
DA:87,0
DA:89,0
DA:94,0
DA:95,0
DA:103,0
DA:104,0
DA:105,0
DA:111,0
DA:115,0
DA:118,0
DA:121,0
DA:122,0
DA:134,0
DA:137,0
DA:140,0
DA:142,0
DA:150,0
DA:151,0
DA:153,0
DA:154,0
DA:157,0
DA:159,0
DA:167,0
DA:168,0
DA:175,0
DA:176,0
DA:179,0
DA:195,0
DA:196,0
LF:45
LH:0
BRDA:68,0,0,0
BRDA:68,0,1,0
BRDA:69,1,0,0
BRDA:69,1,1,0
BRDA:74,2,0,0
BRDA:74,2,1,0
BRDA:75,3,0,0
BRDA:75,3,1,0
BRDA:81,4,0,0
BRDA:81,4,1,0
BRDA:84,5,0,0
BRDA:84,5,1,0
BRDA:87,6,0,0
BRDA:87,6,1,0
BRDA:90,7,0,0
BRDA:90,7,1,0
BRDA:94,8,0,0
BRDA:94,8,1,0
BRDA:103,9,0,0
BRDA:103,9,1,0
BRDA:104,10,0,0
BRDA:104,10,1,0
BRDA:106,11,0,0
BRDA:106,11,1,0
BRDA:107,12,0,0
BRDA:107,12,1,0
BRDA:107,12,2,0
BRDA:132,13,0,0
BRDA:154,14,0,0
BRDA:154,14,1,0
BRDA:167,15,0,0
BRDA:167,15,1,0
BRF:32
BRH:0
end_of_record
TN:
SF:app/theme/authStyles.ts
FN:9,(anonymous_0)
FN:14,(anonymous_1)
FN:20,(anonymous_2)
FN:26,(anonymous_3)
FN:31,(anonymous_4)
FNF:5
FNH:0
FNDA:0,(anonymous_0)
FNDA:0,(anonymous_1)
FNDA:0,(anonymous_2)
FNDA:0,(anonymous_3)
FNDA:0,(anonymous_4)
DA:9,0
DA:14,0
DA:20,0
DA:26,0
DA:31,0
LF:5
LH:0
BRF:0
BRH:0
end_of_record
TN:
SF:app/theme/colors.ts
FNF:0
FNH:0
DA:1,0
DA:44,0
LF:2
LH:0
BRF:0
BRH:0
end_of_record
TN:
SF:app/theme/colorsBase.ts
FN:39,(anonymous_0)
FN:47,(anonymous_1)
FNF:2
FNH:0
FNDA:0,(anonymous_0)
FNDA:0,(anonymous_1)
DA:5,0
DA:39,0
DA:47,0
LF:3
LH:0
BRF:0
BRH:0
end_of_record
TN:
SF:app/theme/colorsBaseDark.ts
FN:39,(anonymous_0)
FN:47,(anonymous_1)
FNF:2
FNH:0
FNDA:0,(anonymous_0)
FNDA:0,(anonymous_1)
DA:5,0
DA:39,0
DA:47,0
LF:3
LH:0
BRF:0
BRH:0
end_of_record
TN:
SF:app/theme/colorsDark.ts
FNF:0
FNH:0
DA:1,0
DA:44,0
LF:2
LH:0
BRF:0
BRH:0
end_of_record
TN:
SF:app/theme/colorsElphaba.ts
FNF:0
FNH:0
DA:3,0
DA:30,0
DA:32,0
LF:3
LH:0
BRF:0
BRH:0
end_of_record
TN:
SF:app/theme/colorsElphabaDark.ts
FNF:0
FNH:0
DA:3,0
DA:30,0
DA:32,0
LF:3
LH:0
BRF:0
BRH:0
end_of_record
TN:
SF:app/theme/colorsGlinda.ts
FNF:0
FNH:0
DA:3,0
DA:30,0
DA:32,0
LF:3
LH:0
BRF:0
BRH:0
end_of_record
TN:
SF:app/theme/colorsGlindaDark.ts
FNF:0
FNH:0
DA:3,0
DA:30,0
DA:32,0
LF:3
LH:0
BRF:0
BRH:0
end_of_record
TN:
SF:app/theme/colorsGwynplaine.ts
FNF:0
FNH:0
DA:3,0
DA:30,0
DA:32,0
LF:3
LH:0
BRF:0
BRH:0
end_of_record
TN:
SF:app/theme/colorsGwynplaineDark.ts
FNF:0
FNH:0
DA:3,0
DA:30,0
DA:32,0
LF:3
LH:0
BRF:0
BRH:0
end_of_record
TN:
SF:app/theme/context.tsx
FN:67,(anonymous_0)
FN:85,(anonymous_1)
FN:95,(anonymous_2)
FN:106,(anonymous_3)
FN:114,(anonymous_4)
FN:118,(anonymous_5)
FN:127,(anonymous_6)
FN:141,(anonymous_7)
FN:146,(anonymous_8)
FN:148,(anonymous_9)
FN:161,(anonymous_10)
FN:186,(anonymous_11)
FNF:12
FNH:0
FNDA:0,(anonymous_0)
FNDA:0,(anonymous_1)
FNDA:0,(anonymous_2)
FNDA:0,(anonymous_3)
FNDA:0,(anonymous_4)
FNDA:0,(anonymous_5)
FNDA:0,(anonymous_6)
FNDA:0,(anonymous_7)
FNDA:0,(anonymous_8)
FNDA:0,(anonymous_9)
FNDA:0,(anonymous_10)
FNDA:0,(anonymous_11)
DA:52,0
DA:67,0
DA:72,0
DA:74,0
DA:76,0
DA:84,0
DA:86,0
DA:94,0
DA:96,0
DA:106,0
DA:107,0
DA:108,0
DA:114,0
DA:115,0
DA:118,0
DA:119,0
DA:121,0
DA:123,0
DA:127,0
DA:129,0
DA:131,0
DA:133,0
DA:135,0
DA:137,0
DA:141,0
DA:142,0
DA:145,0
DA:147,0
DA:148,0
DA:149,0
DA:150,0
DA:152,0
DA:156,0
DA:161,0
DA:179,0
DA:186,0
DA:187,0
DA:188,0
DA:189,0
DA:191,0
LF:40
LH:0
BRDA:107,0,0,0
BRDA:107,0,1,0
BRDA:107,0,2,0
BRDA:107,1,0,0
BRDA:107,1,1,0
BRDA:108,2,0,0
BRDA:108,2,1,0
BRDA:115,3,0,0
BRDA:115,3,1,0
BRDA:119,4,0,0
BRDA:119,4,1,0
BRDA:131,5,0,0
BRDA:131,5,1,0
BRDA:131,5,2,0
BRDA:133,6,0,0
BRDA:133,6,1,0
BRDA:135,7,0,0
BRDA:135,7,1,0
BRDA:137,8,0,0
BRDA:137,8,1,0
BRDA:149,9,0,0
BRDA:149,9,1,0
BRDA:188,10,0,0
BRDA:188,10,1,0
BRF:24
BRH:0
end_of_record
TN:
SF:app/theme/context.utils.ts
FN:11,(anonymous_0)
FN:23,(anonymous_1)
FNF:2
FNH:0
FNDA:0,(anonymous_0)
FNDA:0,(anonymous_1)
DA:3,0
DA:11,0
DA:12,0
DA:13,0
DA:23,0
DA:24,0
LF:6
LH:0
BRDA:12,0,0,0
BRDA:12,0,1,0
BRF:2
BRH:0
end_of_record
TN:
SF:app/theme/spacing.ts
FNF:0
FNH:0
DA:4,0
LF:1
LH:0
BRF:0
BRH:0
end_of_record
TN:
SF:app/theme/spacingDark.ts
FNF:0
FNH:0
DA:1,0
DA:4,0
LF:2
LH:0
BRF:0
BRH:0
end_of_record
TN:
SF:app/theme/styles.ts
FNF:0
FNH:0
DA:4,0
LF:1
LH:0
BRF:0
BRH:0
end_of_record
TN:
SF:app/theme/theme.ts
FN:16,(anonymous_0)
FNF:1
FNH:0
FNDA:0,(anonymous_0)
DA:16,0
DA:17,0
DA:18,0
DA:19,0
DA:20,0
DA:22,0
DA:27,0
DA:36,0
DA:46,0
DA:55,0
DA:65,0
DA:74,0
DA:84,0
DA:93,0
LF:14
LH:0
BRDA:17,0,0,0
BRDA:17,0,1,0
BRDA:18,1,0,0
BRDA:18,1,1,0
BRDA:19,2,0,0
BRDA:19,2,1,0
BRDA:20,3,0,0
BRDA:20,3,1,0
BRDA:22,4,0,0
BRDA:22,4,1,0
BRF:10
BRH:0
end_of_record
TN:
SF:app/theme/timing.ts
FNF:0
FNH:0
DA:1,0
LF:1
LH:0
BRF:0
BRH:0
end_of_record
TN:
SF:app/theme/types.ts
FNF:0
FNH:0
LF:0
LH:0
BRF:0
BRH:0
end_of_record
TN:
SF:app/theme/typography.ts
FNF:0
FNH:0
DA:13,0
DA:21,0
DA:54,0
LF:3
LH:0
BRF:0
BRH:0
end_of_record
TN:
SF:app/utils/authErrorHandling.ts
FN:25,showAuthError
FN:39,handleSignInError
FN:49,handleSignUpError
FN:59,handleGoogleSignInError
FN:69,handleForgotPasswordError
FN:79,handleFormValidationError
FNF:6
FNH:0
FNDA:0,showAuthError
FNDA:0,handleSignInError
FNDA:0,handleSignUpError
FNDA:0,handleGoogleSignInError
FNDA:0,handleForgotPasswordError
FNDA:0,handleFormValidationError
DA:26,0
DA:28,0
DA:33,0
DA:40,0
DA:50,0
DA:60,0
DA:70,0
DA:83,0
DA:84,0
LF:9
LH:0
BRDA:26,0,0,0
BRDA:26,0,1,0
BRDA:29,1,0,0
BRDA:29,1,1,0
BRF:4
BRH:0
end_of_record
TN:
SF:app/utils/crashReporting.ts
FN:23,(anonymous_0)
FN:49,(anonymous_1)
FNF:2
FNH:0
FNDA:0,(anonymous_0)
FNDA:0,(anonymous_1)
DA:23,0
DA:49,0
DA:50,0
DA:52,0
DA:53,0
DA:54,0
LF:6
LH:0
BRDA:49,0,0,0
BRDA:50,1,0,0
BRDA:50,1,1,0
BRDA:52,2,0,0
BRDA:52,2,1,0
BRF:5
BRH:0
end_of_record
TN:
SF:app/utils/delay.ts
FN:6,(anonymous_0)
FN:6,(anonymous_1)
FNF:2
FNH:0
FNDA:0,(anonymous_0)
FNDA:0,(anonymous_1)
DA:6,0
LF:1
LH:0
BRF:0
BRH:0
end_of_record
TN:
SF:app/utils/formatDate.ts
FN:13,(anonymous_0)
FN:43,(anonymous_1)
FNF:2
FNH:0
FNDA:0,(anonymous_0)
FNDA:0,(anonymous_1)
DA:13,0
DA:14,0
DA:15,0
DA:17,0
DA:18,0
DA:20,0
DA:21,0
DA:23,0
DA:24,0
DA:26,0
DA:27,0
DA:29,0
DA:30,0
DA:32,0
DA:33,0
DA:35,0
DA:36,0
DA:38,0
DA:39,0
DA:43,0
DA:44,0
DA:48,0
LF:22
LH:0
BRDA:15,0,0,0
BRDA:15,0,1,0
BRDA:15,0,2,0
BRDA:15,0,3,0
BRDA:15,0,4,0
BRDA:15,0,5,0
BRDA:15,0,6,0
BRDA:15,0,7,0
BRDA:48,1,0,0
BRDA:48,1,1,0
BRF:10
BRH:0
end_of_record
TN:
SF:app/utils/gestureHandler.native.ts
FNF:0
FNH:0
LF:0
LH:0
BRF:0
BRH:0
end_of_record
TN:
SF:app/utils/gestureHandler.ts
FNF:0
FNH:0
LF:0
LH:0
BRF:0
BRH:0
end_of_record
TN:
SF:app/utils/hasValidStringProp.ts
FN:4,hasValidStringProp
FNF:1
FNH:0
FNDA:0,hasValidStringProp
DA:5,0
LF:1
LH:0
BRDA:6,0,0,0
BRDA:6,0,1,0
BRDA:6,0,2,0
BRDA:6,0,3,0
BRF:4
BRH:0
end_of_record
TN:
SF:app/utils/logger.ts
FN:18,(anonymous_0)
FN:24,(anonymous_1)
FN:34,(anonymous_2)
FN:42,(anonymous_3)
FN:77,(anonymous_4)
FN:81,(anonymous_5)
FN:85,(anonymous_6)
FN:89,(anonymous_7)
FN:94,(anonymous_8)
FN:113,(anonymous_9)
FN:114,(anonymous_10)
FN:115,(anonymous_11)
FN:116,(anonymous_12)
FN:117,(anonymous_13)
FN:118,(anonymous_14)
FNF:15
FNH:0
FNDA:0,(anonymous_0)
FNDA:0,(anonymous_1)
FNDA:0,(anonymous_2)
FNDA:0,(anonymous_3)
FNDA:0,(anonymous_4)
FNDA:0,(anonymous_5)
FNDA:0,(anonymous_6)
FNDA:0,(anonymous_7)
FNDA:0,(anonymous_8)
FNDA:0,(anonymous_9)
FNDA:0,(anonymous_10)
FNDA:0,(anonymous_11)
FNDA:0,(anonymous_12)
FNDA:0,(anonymous_13)
FNDA:0,(anonymous_14)
DA:16,0
DA:19,0
DA:20,0
DA:21,0
DA:25,0
DA:26,0
DA:27,0
DA:28,0
DA:29,0
DA:30,0
DA:36,0
DA:37,0
DA:39,0
DA:43,0
DA:45,0
DA:51,0
DA:54,0
DA:55,0
DA:57,0
DA:59,0
DA:61,0
DA:62,0
DA:64,0
DA:66,0
DA:68,0
DA:69,0
DA:71,0
DA:73,0
DA:78,0
DA:82,0
DA:86,0
DA:90,0
DA:95,0
DA:96,0
DA:97,0
DA:101,0
DA:106,0
DA:110,0
DA:113,0
DA:114,0
DA:115,0
DA:116,0
DA:117,0
DA:118,0
LF:44
LH:0
BRDA:25,0,0,0
BRDA:25,0,1,0
BRDA:25,0,2,0
BRDA:25,0,3,0
BRDA:25,0,4,0
BRDA:36,1,0,0
BRDA:36,1,1,0
BRDA:37,2,0,0
BRDA:37,2,1,0
BRDA:43,3,0,0
BRDA:43,3,1,0
BRDA:51,4,0,0
BRDA:51,4,1,0
BRDA:51,4,2,0
BRDA:51,4,3,0
BRDA:54,5,0,0
BRDA:54,5,1,0
BRDA:61,6,0,0
BRDA:61,6,1,0
BRDA:68,7,0,0
BRDA:68,7,1,0
BRDA:95,8,0,0
BRDA:95,8,1,0
BRDA:103,9,0,0
BRDA:103,9,1,0
BRF:25
BRH:0
end_of_record
TN:
SF:app/utils/openLinkInBrowser.ts
FN:6,openLinkInBrowser
FN:7,(anonymous_1)
FNF:2
FNH:0
FNDA:0,openLinkInBrowser
FNDA:0,(anonymous_1)
DA:7,0
LF:1
LH:0
BRDA:7,0,0,0
BRDA:7,0,1,0
BRF:2
BRH:0
end_of_record
TN:
SF:app/utils/useHeader.tsx
FN:13,useHeader
FN:29,(anonymous_1)
FN:32,(anonymous_2)
FNF:3
FNH:0
FNDA:0,useHeader
FNDA:0,(anonymous_1)
FNDA:0,(anonymous_2)
DA:17,0
DA:25,0
DA:29,0
DA:30,0
DA:32,0
LF:5
LH:0
BRDA:15,0,0,0
BRDA:25,1,0,0
BRDA:25,1,1,0
BRF:3
BRH:0
end_of_record
TN:
SF:app/utils/useIsMounted.ts
FN:6,useIsMounted
FN:9,(anonymous_1)
FN:12,(anonymous_2)
FN:17,(anonymous_3)
FNF:4
FNH:0
FNDA:0,useIsMounted
FNDA:0,(anonymous_1)
FNDA:0,(anonymous_2)
FNDA:0,(anonymous_3)
DA:7,0
DA:9,0
DA:10,0
DA:12,0
DA:13,0
DA:17,0
LF:6
LH:0
BRF:0
BRH:0
end_of_record
TN:
SF:app/utils/useSafeAreaInsetsStyle.ts
FN:33,useSafeAreaInsetsStyle
FN:42,(anonymous_1)
FNF:2
FNH:0
FNDA:0,useSafeAreaInsetsStyle
FNDA:0,(anonymous_1)
DA:5,0
DA:14,0
DA:40,0
DA:42,0
DA:43,0
DA:44,0
LF:6
LH:0
BRDA:37,0,0,0
BRDA:38,1,0,0
BRDA:43,2,0,0
BRDA:43,2,1,0
BRF:4
BRH:0
end_of_record
TN:
SF:app/utils/validation.ts
FN:22,validateEmail
FN:30,validatePassword
FN:62,validatePostData
FN:118,validateUserInput
FN:137,validateKoreanPhoneNumber
FN:145,validateDate
FN:156,validateURL
FN:168,validateTagFormat
FNF:8
FNH:0
FNDA:0,validateEmail
FNDA:0,validatePassword
FNDA:0,validatePostData
FNDA:0,validateUserInput
FNDA:0,validateKoreanPhoneNumber
FNDA:0,validateDate
FNDA:0,validateURL
FNDA:0,validateTagFormat
DA:23,0
DA:24,0
DA:31,0
DA:33,0
DA:34,0
DA:37,0
DA:38,0
DA:41,0
DA:42,0
DA:45,0
DA:46,0
DA:49,0
DA:50,0
DA:53,0
DA:63,0
DA:66,0
DA:67,0
DA:68,0
DA:69,0
DA:73,0
DA:74,0
DA:75,0
DA:76,0
DA:77,0
DA:78,0
DA:82,0
DA:83,0
DA:84,0
DA:85,0
DA:89,0
DA:90,0
DA:91,0
DA:92,0
DA:96,0
DA:97,0
DA:98,0
DA:99,0
DA:103,0
DA:104,0
DA:105,0
DA:106,0
DA:109,0
DA:119,0
DA:121,0
DA:138,0
DA:139,0
DA:146,0
DA:147,0
DA:149,0
DA:150,0
DA:157,0
DA:158,0
DA:159,0
DA:161,0
DA:170,0
DA:171,0
LF:56
LH:0
BRDA:33,0,0,0
BRDA:33,0,1,0
BRDA:33,1,0,0
BRDA:33,1,1,0
BRDA:37,2,0,0
BRDA:37,2,1,0
BRDA:41,3,0,0
BRDA:41,3,1,0
BRDA:45,4,0,0
BRDA:45,4,1,0
BRDA:49,5,0,0
BRDA:49,5,1,0
BRDA:66,6,0,0
BRDA:66,6,1,0
BRDA:68,7,0,0
BRDA:68,7,1,0
BRDA:73,8,0,0
BRDA:73,8,1,0
BRDA:75,9,0,0
BRDA:75,9,1,0
BRDA:77,10,0,0
BRDA:77,10,1,0
BRDA:82,11,0,0
BRDA:82,11,1,0
BRDA:84,12,0,0
BRDA:84,12,1,0
BRDA:89,13,0,0
BRDA:89,13,1,0
BRDA:91,14,0,0
BRDA:91,14,1,0
BRDA:96,15,0,0
BRDA:96,15,1,0
BRDA:98,16,0,0
BRDA:98,16,1,0
BRDA:103,17,0,0
BRDA:103,17,1,0
BRDA:103,18,0,0
BRDA:103,18,1,0
BRDA:105,19,0,0
BRDA:105,19,1,0
BRDA:119,20,0,0
BRDA:119,20,1,0
BRDA:147,21,0,0
BRDA:147,21,1,0
BRDA:150,22,0,0
BRDA:150,22,1,0
BRDA:171,23,0,0
BRDA:171,23,1,0
BRF:48
BRH:0
end_of_record
